Starting process: Module

Starting process: 

SCUBA, Version Diamond (64-bit) 3.9.0.99.2
Mon Jul 03 15:06:12 2017

Copyright (c) 1991-1994 by NeoCAD Inc. All rights reserved.
Copyright (c) 1995 AT&T Corp.   All rights reserved.
Copyright (c) 1995-2001 Lucent Technologies Inc.  All rights reserved.
Copyright (c) 2001 Agere Systems   All rights reserved.
Copyright (c) 2002-2017 Lattice Semiconductor Corporation,  All rights reserved.

BEGIN SCUBA Module Synthesis

    Issued command   : C:\lscc\diamond\3.9_x64\ispfpga\bin\nt64\scuba.exe -w -n pll_mxo2 -lang verilog -synth lse -arch xo2c00 -type pll -fin 12 -fclkop 240 -fclkop_tol 0.0 -trimp 0 -phasep 0 -trimp_r -phase_cntl STATIC -fb_mode 1 
    Circuit name     : pll_mxo2
    Module type      : pll
    Module Version   : 5.7
    Ports            : 
	Inputs       : CLKI
	Outputs      : CLKOP
    I/O buffer       : not inserted
    EDIF output      : pll_mxo2.edn
    Verilog output   : pll_mxo2.v
    Verilog template : pll_mxo2_tmpl.v
    Verilog purpose  : for synthesis and simulation
    Bus notation     : big endian
    Report output    : pll_mxo2.srp
    Estimated Resource Usage:

END   SCUBA Module Synthesis

File: pll_mxo2.lpc created.


End process: completed successfully.


Total Warnings:  0

Total Errors:  0


