
map -a "MachXO2" -p LCMXO2-4000HC -t CSBGA132 -s 4 -oc Commercial   "Digtal_Calender_impl1.ngd" -o "Digtal_Calender_impl1_map.ncd" -pr "Digtal_Calender_impl1.prf" -mp "Digtal_Calender_impl1.mrp" -lpf "F:/Fpga_Project/BaseBoard/LAB10_Digtal_Calender/impl1/Digtal_Calender_impl1_synplify.lpf" -lpf "F:/Fpga_Project/BaseBoard/LAB10_Digtal_Calender/Digtal_Calender.lpf" -c 0            
map:  version Diamond (64-bit) 3.9.0.99.2

Copyright (c) 1991-1994 by NeoCAD Inc. All rights reserved.
Copyright (c) 1995 AT&T Corp.   All rights reserved.
Copyright (c) 1995-2001 Lucent Technologies Inc.  All rights reserved.
Copyright (c) 2001 Agere Systems   All rights reserved.
Copyright (c) 2002-2017 Lattice Semiconductor Corporation,  All rights reserved.
   Process the file: Digtal_Calender_impl1.ngd
   Picdevice="LCMXO2-4000HC"

   Pictype="CSBGA132"

   Picspeed=4

   Remove unused logic

   Do not produce over sized NCDs.

Part used: LCMXO2-4000HCCSBGA132, Performance used: 4.

Loading device for application map from file 'xo2c4000.nph' in environment: C:/Program Files (x86)/lscc/diamond/3.9_x64/ispfpga.
Package Status:                     Final          Version 1.44.

Running general design DRC...

Removing unused logic...

Optimizing...

1 CCU2 constant inputs absorbed.

    <postMsg mid="51001030" type="Warning" dynamic="1" navigation="0" arg0="rst_n_c"  />



Design Summary:
   Number of registers:    265 out of  4635 (6%)
      PFU registers:          257 out of  4320 (6%)
      PIO registers:            8 out of   315 (3%)
   Number of SLICEs:       432 out of  2160 (20%)
      SLICEs as Logic/ROM:    432 out of  2160 (20%)
      SLICEs as RAM:            0 out of  1620 (0%)
      SLICEs as Carry:         65 out of  2160 (3%)
   Number of LUT4s:        861 out of  4320 (20%)
      Number used as logic LUTs:        731
      Number used as distributed RAM:     0
      Number used as ripple logic:      130
      Number used as shift registers:     0
   Number of PIO sites used: 10 + 4(JTAG) out of 105 (13%)
   Number of block RAMs:  0 out of 10 (0%)
   Number of GSRs:  1 out of 1 (100%)
   EFB used :       No
   JTAG used :      No
   Readback used :  No
   Oscillator used :  No
   Startup used :   No
   POR :            On
   Bandgap :        On
   Number of Power Controller:  0 out of 1 (0%)
   Number of Dynamic Bank Controller (BCINRD):  0 out of 6 (0%)
   Number of Dynamic Bank Controller (BCLVDSO):  0 out of 1 (0%)
   Number of DCCA:  0 out of 8 (0%)
   Number of DCMA:  0 out of 2 (0%)
   Number of PLLs:  0 out of 2 (0%)
   Number of DQSDLLs:  0 out of 2 (0%)
   Number of CLKDIVC:  0 out of 4 (0%)
   Number of ECLKSYNCA:  0 out of 4 (0%)
   Number of ECLKBRIDGECS:  0 out of 2 (0%)
   Notes:-
      1. Total number of LUT4s = (Number of logic LUT4s) + 2*(Number of distributed RAMs) + 2*(Number of ripple logic)
      2. Number of logic LUT4s does not include count of distributed RAM and ripple logic.
   Number of clocks:  2
     Net clk_c: 150 loads, 150 rising, 0 falling (Driver: PIO clk )
     Net u1.clk_500us: 8 loads, 8 rising, 0 falling (Driver: u1/clk_500us )
   Number of Clock Enables:  30
     Net seg_sck_1_sqmuxa_i_a3_RNIQE6H1: 1 loads, 0 LSLICEs
     Net un1_scl_out_r_2_sqmuxa_0_2_RNIESD52: 1 loads, 0 LSLICEs
     Net G_109: 16 loads, 16 LSLICEs
     Net u4/sda_out_r_cl_RNO: 1 loads, 1 LSLICEs
     Net u4/rtc_data_r_RNO[1]: 1 loads, 1 LSLICEs
     Net u4/rtc_data_r_RNO[0]: 1 loads, 1 LSLICEs
     Net u4/un1_key_set_0: 1 loads, 1 LSLICEs
     Net u4/sda_out_r_cl_1_RNO_0: 1 loads, 1 LSLICEs
     Net u4/sda_out_r_RNO: 1 loads, 1 LSLICEs
     Net u4/cnt_main_RNIT5P52_1[3]: 4 loads, 4 LSLICEs
     Net u4/rtc_week_1_sqmuxa_0_a3_0_o2_RNIK5IU1: 4 loads, 4 LSLICEs
     Net u4/rtc_sec_1_sqmuxa_0_a3_0_a2_1_RNICUGI1: 4 loads, 4 LSLICEs
     Net u4/cnt_main_RNIT5P52[3]: 4 loads, 4 LSLICEs
     Net u4/cnt_main_RNIT5P52_0[3]: 4 loads, 4 LSLICEs
     Net u4/rtc_sec_1_sqmuxa_0_a3_0_a2_0_RNI315S1: 4 loads, 4 LSLICEs
     Net u4/state42_2_0_a3_0_a3_RNIRTHT1: 4 loads, 4 LSLICEs
     Net u4/rtc_data_rce[2]: 1 loads, 1 LSLICEs
     Net u4/rtc_data_rce[3]: 1 loads, 1 LSLICEs
     Net u4/rtc_data_rce[4]: 1 loads, 1 LSLICEs
     Net u4/rtc_data_rce[5]: 1 loads, 1 LSLICEs
     Net u4/rtc_data_rce[6]: 1 loads, 1 LSLICEs
     Net u4/state_ns_0_0_o2_RNIEN9P2[2]: 4 loads, 4 LSLICEs
     Net u4/ack_RNO: 1 loads, 1 LSLICEs
     Net rtc_data_rce[7]: 1 loads, 0 LSLICEs
     Net u5/state_RNIILDF1[0]: 10 loads, 10 LSLICEs
     Net u5/clk_40khz_RNINKMT: 6 loads, 6 LSLICEs
     Net un1_state_5_0_a3_RNISL5A1: 1 loads, 0 LSLICEs
     Net cnt_write_RNIE8591[5]: 1 loads, 0 LSLICEs
     Net u3/disp_en_2_sqmuxa_i: 2 loads, 2 LSLICEs
     Net u2/key_jit5: 1 loads, 1 LSLICEs
   Number of local set/reset loads for net rst_n_c merged into GSR:  162
   Number of LSRs:  4
     Net u1/A_state5: 1 loads, 1 LSLICEs
     Net u1/key_a_r1: 1 loads, 1 LSLICEs
     Net u1/key_b_r1: 1 loads, 1 LSLICEs
     Net u1/B_state5: 1 loads, 1 LSLICEs
   Number of nets driven by tri-state buffers:  0
   Top 10 highest fanout non-clock nets:
     Net data_2: 72 loads
     Net state[2]: 47 loads
     Net u3/adj_week_0_sqmuxa: 46 loads
     Net u5/cnt_main[2]: 39 loads
     Net u4/cnt_main[2]: 38 loads
     Net L_pulse: 34 loads
     Net u4/cnt_main[0]: 32 loads
     Net G_109: 30 loads
     Net u4/cnt_main[1]: 30 loads
     Net u4/cnt_main[3]: 28 loads
 

   Number of warnings:  1
   Number of errors:    0



Total CPU Time: 0 secs  
Total REAL Time: 0 secs  
Peak Memory Usage: 55 MB

Dumping design to file Digtal_Calender_impl1_map.ncd.

mpartrce -p "Digtal_Calender_impl1.p2t" -f "Digtal_Calender_impl1.p3t" -tf "Digtal_Calender_impl1.pt" "Digtal_Calender_impl1_map.ncd" "Digtal_Calender_impl1.ncd"

---- MParTrce Tool ----
Removing old design directory at request of -rem command line option to this program.
Running par. Please wait . . .

Lattice Place and Route Report for Design "Digtal_Calender_impl1_map.ncd"
Tue Jan 29 09:53:38 2019

PAR: Place And Route Diamond (64-bit) 3.9.0.99.2.
Command Line: par -w -l 5 -i 6 -t 1 -c 0 -e 0 -gui -exp parUseNBR=1:parCDP=0:parCDR=0:parPathBased=OFF Digtal_Calender_impl1_map.ncd Digtal_Calender_impl1.dir/5_1.ncd Digtal_Calender_impl1.prf
Preference file: Digtal_Calender_impl1.prf.
Placement level-cost: 5-1.
Routing Iterations: 6

Loading design for application par from file Digtal_Calender_impl1_map.ncd.
Design name: Digtal_Calender
NCD version: 3.3
Vendor:      LATTICE
Device:      LCMXO2-4000HC
Package:     CSBGA132
Performance: 4
Loading device for application par from file 'xo2c4000.nph' in environment: C:/Program Files (x86)/lscc/diamond/3.9_x64/ispfpga.
Package Status:                     Final          Version 1.44.
Performance Hardware Data Status:   Final          Version 34.4.
License checked out.


Ignore Preference Error(s):  True
Device utilization summary:

   PIO (prelim)   10+4(JTAG)/280     5% used
                  10+4(JTAG)/105     13% bonded
   IOLOGIC            8/280           2% used

   SLICE            432/2160         20% used

   GSR                1/1           100% used


Number of Signals: 1121
Number of Connections: 3535

Pin Constraint Summary:
   10 out of 10 pins locked (100% locked).

The following 1 signal is selected to use the primary clock routing resources:
    clk_c (driver: clk, clk load #: 150)

    <postMsg mid="61061008" type="Warning" dynamic="5" navigation="0" arg0="clk_c" arg1="Primary" arg2="clk" arg3="C1" arg4="Primary"  />

The following 3 signals are selected to use the secondary clock routing resources:
    u1.clk_500us (driver: u1/SLICE_128, clk load #: 8, sr load #: 0, ce load #: 0)
    G_109 (driver: SLICE_297, clk load #: 0, sr load #: 0, ce load #: 16)
    u5/state_RNIILDF1[0] (driver: u5/SLICE_456, clk load #: 0, sr load #: 0, ce load #: 10)

Signal rst_n_c is selected as Global Set/Reset.
Starting Placer Phase 0.
...........
Finished Placer Phase 0.  REAL time: 0 secs 

Starting Placer Phase 1.
.....................
Placer score = 182322.
Finished Placer Phase 1.  REAL time: 3 secs 

Starting Placer Phase 2.
.
Placer score =  181134
Finished Placer Phase 2.  REAL time: 3 secs 


------------------ Clock Report ------------------

Global Clock Resources:
  CLK_PIN    : 0 out of 8 (0%)
  General PIO: 1 out of 280 (0%)
  PLL        : 0 out of 2 (0%)
  DCM        : 0 out of 2 (0%)
  DCC        : 0 out of 8 (0%)

Quadrants All (TL, TR, BL, BR) - Global Clocks:
  PRIMARY "clk_c" from comp "clk" on PIO site "C1 (PL4A)", clk load = 150
  SECONDARY "u1.clk_500us" from Q0 on comp "u1/SLICE_128" on site "R20C15B", clk load = 8, ce load = 0, sr load = 0
  SECONDARY "G_109" from F1 on comp "SLICE_297" on site "R12C17B", clk load = 0, ce load = 16, sr load = 0
  SECONDARY "u5/state_RNIILDF1[0]" from F0 on comp "u5/SLICE_456" on site "R12C15C", clk load = 0, ce load = 10, sr load = 0

  PRIMARY  : 1 out of 8 (12%)
  SECONDARY: 3 out of 8 (37%)

Edge Clocks:
  No edge clock selected.

--------------- End of Clock Report ---------------


I/O Usage Summary (final):
   10 + 4(JTAG) out of 280 (5.0%) PIO sites used.
   10 + 4(JTAG) out of 105 (13.3%) bonded PIO sites used.
   Number of PIO comps: 10; differential: 0.
   Number of Vref pins used: 0.

I/O Bank Usage Summary:
+----------+---------------+------------+-----------+
| I/O Bank | Usage         | Bank Vccio | Bank Vref |
+----------+---------------+------------+-----------+
| 0        | 2 / 26 (  7%) | 3.3V       | -         |
| 1        | 1 / 26 (  3%) | 3.3V       | -         |
| 2        | 3 / 28 ( 10%) | 3.3V       | -         |
| 3        | 0 / 7 (  0%)  | -          | -         |
| 4        | 2 / 8 ( 25%)  | 3.3V       | -         |
| 5        | 2 / 10 ( 20%) | 3.3V       | -         |
+----------+---------------+------------+-----------+

Total placer CPU time: 2 secs 

Dumping design to file Digtal_Calender_impl1.dir/5_1.ncd.


-----------------------------------------------------------------
INFO - par: ASE feature is off due to non timing-driven settings.  
-----------------------------------------------------------------

0 connections routed; 3535 unrouted.
Starting router resource preassignment

Completed router resource preassignment. Real time: 4 secs 

Start NBR router at 09:53:42 01/29/19

*****************************************************************
Info: NBR allows conflicts(one node used by more than one signal)
      in the earlier iterations. In each iteration, it tries to  
      solve the conflicts while keeping the critical connections 
      routed as short as possible. The routing process is said to
      be completed when no conflicts exist and all connections   
      are routed.                                                
Note: NBR uses a different method to calculate timing slacks. The
      worst slack and total negative slack may not be the same as
      that in TRCE report. You should always run TRCE to verify  
      your design.                                               
*****************************************************************

Start NBR special constraint process at 09:53:42 01/29/19

Start NBR section for initial routing at 09:53:42 01/29/19
Level 4, iteration 1
117(0.05%) conflicts; 0(0.00%) untouched conn; 0 (nbr) score; real time: 4 secs 

Info: Initial congestion level at 75% usage is 0
Info: Initial congestion area  at 75% usage is 0 (0.00%)

Start NBR section for normal routing at 09:53:42 01/29/19
Level 4, iteration 1
60(0.02%) conflicts; 0(0.00%) untouched conn; 0 (nbr) score; real time: 4 secs 
Level 4, iteration 2
27(0.01%) conflicts; 0(0.00%) untouched conn; 0 (nbr) score; real time: 4 secs 
Level 4, iteration 3
13(0.01%) conflicts; 0(0.00%) untouched conn; 0 (nbr) score; real time: 4 secs 
Level 4, iteration 4
1(0.00%) conflict; 0(0.00%) untouched conn; 0 (nbr) score; real time: 4 secs 
Level 4, iteration 5
0(0.00%) conflict; 0(0.00%) untouched conn; 0 (nbr) score; real time: 4 secs 

Start NBR section for re-routing at 09:53:42 01/29/19
Level 4, iteration 1
0(0.00%) conflict; 0(0.00%) untouched conn; 0 (nbr) score; real time: 4 secs 

Start NBR section for post-routing at 09:53:42 01/29/19

End NBR router with 0 unrouted connection

NBR Summary
-----------
  Number of unrouted connections : 0 (0.00%)
  Number of connections with timing violations : 0 (0.00%)
  Estimated worst slack<setup> : <n/a>
  Timing score<setup> : 0
-----------
Notes: The timing info is calculated for SETUP only and all PAR_ADJs are ignored.



Total CPU time 4 secs 
Total REAL time: 5 secs 
Completely routed.
End of route.  3535 routed (100.00%); 0 unrouted.

Hold time timing score: 0, hold timing errors: 0

Timing score: 0 

Dumping design to file Digtal_Calender_impl1.dir/5_1.ncd.


PAR_SUMMARY::Run status = completed
PAR_SUMMARY::Number of unrouted conns = 0
PAR_SUMMARY::Worst  slack<setup/<ns>> = <n/a>
PAR_SUMMARY::Timing score<setup/<ns>> = <n/a>
PAR_SUMMARY::Worst  slack<hold /<ns>> = <n/a>
PAR_SUMMARY::Timing score<hold /<ns>> = <n/a>
PAR_SUMMARY::Number of errors = 0

Total CPU  time to completion: 5 secs 
Total REAL time to completion: 5 secs 

par done!

Copyright (c) 1991-1994 by NeoCAD Inc. All rights reserved.
Copyright (c) 1995 AT&T Corp.   All rights reserved.
Copyright (c) 1995-2001 Lucent Technologies Inc.  All rights reserved.
Copyright (c) 2001 Agere Systems   All rights reserved.
Copyright (c) 2002-2017 Lattice Semiconductor Corporation,  All rights reserved.
Exiting par with exit code 0
Exiting mpartrce with exit code 0

bitgen -f "Digtal_Calender_impl1.t2b" -w "Digtal_Calender_impl1.ncd" -jedec "Digtal_Calender_impl1.prf"


BITGEN: Bitstream Generator Diamond (64-bit) 3.9.0.99.2
Copyright (c) 1991-1994 by NeoCAD Inc. All rights reserved.
Copyright (c) 1995 AT&T Corp.   All rights reserved.
Copyright (c) 1995-2001 Lucent Technologies Inc.  All rights reserved.
Copyright (c) 2001 Agere Systems   All rights reserved.
Copyright (c) 2002-2017 Lattice Semiconductor Corporation,  All rights reserved.


Loading design for application Bitgen from file Digtal_Calender_impl1.ncd.
Design name: Digtal_Calender
NCD version: 3.3
Vendor:      LATTICE
Device:      LCMXO2-4000HC
Package:     CSBGA132
Performance: 4
Loading device for application Bitgen from file 'xo2c4000.nph' in environment: C:/Program Files (x86)/lscc/diamond/3.9_x64/ispfpga.
Package Status:                     Final          Version 1.44.
Performance Hardware Data Status:   Final          Version 34.4.

Running DRC.
DRC detected 0 errors and 0 warnings.
Reading Preference File from Digtal_Calender_impl1.prf.

Preference Summary:
+---------------------------------+---------------------------------+
|  Preference                     |  Current Setting                |
+---------------------------------+---------------------------------+
|                         RamCfg  |                        Reset**  |
+---------------------------------+---------------------------------+
|                     MCCLK_FREQ  |                         2.08**  |
+---------------------------------+---------------------------------+
|                  CONFIG_SECURE  |                          OFF**  |
+---------------------------------+---------------------------------+
|                          INBUF  |                           ON**  |
+---------------------------------+---------------------------------+
|                      JTAG_PORT  |                       ENABLE**  |
+---------------------------------+---------------------------------+
|                       SDM_PORT  |                      DISABLE**  |
+---------------------------------+---------------------------------+
|                 SLAVE_SPI_PORT  |                      DISABLE**  |
+---------------------------------+---------------------------------+
|                MASTER_SPI_PORT  |                      DISABLE**  |
+---------------------------------+---------------------------------+
|                       I2C_PORT  |                      DISABLE**  |
+---------------------------------+---------------------------------+
|        MUX_CONFIGURATION_PORTS  |                      DISABLE**  |
+---------------------------------+---------------------------------+
|                  CONFIGURATION  |                          CFG**  |
+---------------------------------+---------------------------------+
|                COMPRESS_CONFIG  |                           ON**  |
+---------------------------------+---------------------------------+
|                        MY_ASSP  |                          OFF**  |
+---------------------------------+---------------------------------+
|               ONE_TIME_PROGRAM  |                          OFF**  |
+---------------------------------+---------------------------------+
|                 ENABLE_TRANSFR  |                      DISABLE**  |
+---------------------------------+---------------------------------+
|                  SHAREDEBRINIT  |                      DISABLE**  |
+---------------------------------+---------------------------------+
|            BACKGROUND_RECONFIG  |                          OFF**  |
+---------------------------------+---------------------------------+
 *  Default setting.
 ** The specified setting matches the default setting.


Creating bit map...
 
Bitstream Status: Final           Version 1.94.
 
Saving bit stream in "Digtal_Calender_impl1.jed".
 
===========
UFM Summary.
===========
UFM Size:        767 Pages (128*767 Bits).
UFM Utilization: General Purpose Flash Memory.
 
Available General Purpose Flash Memory:  767 Pages (Page 0 to Page 766).
Initialized UFM Pages:                     0 Page.
 
