Flow report for WIFI_ESP8266
Wed Aug 15 16:04:37 2018
Quartus Prime Version 17.0.0 Build 595 04/25/2017 SJ Lite Edition


---------------------
; Table of Contents ;
---------------------
  1. Legal Notice
  2. Flow Summary
  3. Flow Settings
  4. Flow Non-Default Global Settings
  5. Flow Elapsed Time
  6. Flow OS Summary
  7. Flow Log
  8. Flow Messages
  9. Flow Suppressed Messages



----------------
; Legal Notice ;
----------------
Copyright (C) 2017  Intel Corporation. All rights reserved.
Your use of Intel Corporation's design tools, logic functions 
and other software and tools, and its AMPP partner logic 
functions, and any output files from any of the foregoing 
(including device programming or simulation files), and any 
associated documentation or information are expressly subject 
to the terms and conditions of the Intel Program License 
Subscription Agreement, the Intel Quartus Prime License Agreement,
the Intel MegaCore Function License Agreement, or other 
applicable license agreement, including, without limitation, 
that your use is for the sole purpose of programming logic 
devices manufactured by Intel and sold by Intel or its 
authorized distributors.  Please refer to the applicable 
agreement for further details.



+----------------------------------------------------------------------------------+
; Flow Summary                                                                     ;
+------------------------------------+---------------------------------------------+
; Flow Status                        ; Successful - Wed Aug 15 16:04:37 2018       ;
; Quartus Prime Version              ; 17.0.0 Build 595 04/25/2017 SJ Lite Edition ;
; Revision Name                      ; WIFI_ESP8266                                ;
; Top-level Entity Name              ; WIFI_ESP8266                                ;
; Family                             ; MAX 10                                      ;
; Device                             ; 10M08SAM153C8G                              ;
; Timing Models                      ; Final                                       ;
; Total logic elements               ; 544 / 8,064 ( 7 % )                         ;
;     Total combinational functions  ; 524 / 8,064 ( 6 % )                         ;
;     Dedicated logic registers      ; 223 / 8,064 ( 3 % )                         ;
; Total registers                    ; 223                                         ;
; Total pins                         ; 8 / 112 ( 7 % )                             ;
; Total virtual pins                 ; 0                                           ;
; Total memory bits                  ; 0 / 387,072 ( 0 % )                         ;
; Embedded Multiplier 9-bit elements ; 0 / 48 ( 0 % )                              ;
; Total PLLs                         ; 0 / 1 ( 0 % )                               ;
; UFM blocks                         ; 0 / 1 ( 0 % )                               ;
; ADC blocks                         ; 0 / 1 ( 0 % )                               ;
+------------------------------------+---------------------------------------------+


+-----------------------------------------+
; Flow Settings                           ;
+-------------------+---------------------+
; Option            ; Setting             ;
+-------------------+---------------------+
; Start date & time ; 08/15/2018 16:04:13 ;
; Main task         ; Compilation         ;
; Revision Name     ; WIFI_ESP8266        ;
+-------------------+---------------------+


+-----------------------------------------------------------------------------------------------------------------------------+
; Flow Non-Default Global Settings                                                                                            ;
+-------------------------------------+----------------------------------------+---------------+-------------+----------------+
; Assignment Name                     ; Value                                  ; Default Value ; Entity Name ; Section Id     ;
+-------------------------------------+----------------------------------------+---------------+-------------+----------------+
; COMPILER_SIGNATURE_ID               ; 167304650514831.153432025317416        ; --            ; --          ; --             ;
; EDA_OUTPUT_DATA_FORMAT              ; Verilog Hdl                            ; --            ; --          ; eda_simulation ;
; EDA_SIMULATION_TOOL                 ; ModelSim-Altera (Verilog)              ; <None>        ; --          ; --             ;
; EDA_TIME_SCALE                      ; 1 ps                                   ; --            ; --          ; eda_simulation ;
; MAX_CORE_JUNCTION_TEMP              ; 85                                     ; --            ; --          ; --             ;
; MIN_CORE_JUNCTION_TEMP              ; 0                                      ; --            ; --          ; --             ;
; OUTPUT_IO_TIMING_FAR_END_VMEAS      ; Half Signal Swing                      ; --            ; --          ; --             ;
; OUTPUT_IO_TIMING_FAR_END_VMEAS      ; Half Signal Swing                      ; --            ; --          ; --             ;
; OUTPUT_IO_TIMING_NEAR_END_VMEAS     ; Half Vccio                             ; --            ; --          ; --             ;
; OUTPUT_IO_TIMING_NEAR_END_VMEAS     ; Half Vccio                             ; --            ; --          ; --             ;
; PARTITION_COLOR                     ; -- (Not supported for targeted family) ; --            ; --          ; Top            ;
; PARTITION_FITTER_PRESERVATION_LEVEL ; -- (Not supported for targeted family) ; --            ; --          ; Top            ;
; PARTITION_NETLIST_TYPE              ; -- (Not supported for targeted family) ; --            ; --          ; Top            ;
; PROJECT_OUTPUT_DIRECTORY            ; output_files                           ; --            ; --          ; --             ;
+-------------------------------------+----------------------------------------+---------------+-------------+----------------+


+--------------------------------------------------------------------------------------------------------------------------+
; Flow Elapsed Time                                                                                                        ;
+----------------------+--------------+-------------------------+---------------------+------------------------------------+
; Module Name          ; Elapsed Time ; Average Processors Used ; Peak Virtual Memory ; Total CPU Time (on all processors) ;
+----------------------+--------------+-------------------------+---------------------+------------------------------------+
; Analysis & Synthesis ; 00:00:12     ; 1.0                     ; 4791 MB             ; 00:00:24                           ;
; Fitter               ; 00:00:07     ; 1.2                     ; 5598 MB             ; 00:00:10                           ;
; Assembler            ; 00:00:01     ; 1.0                     ; 4692 MB             ; 00:00:01                           ;
; Total                ; 00:00:20     ; --                      ; --                  ; 00:00:35                           ;
+----------------------+--------------+-------------------------+---------------------+------------------------------------+


+------------------------------------------------------------------------------------+
; Flow OS Summary                                                                    ;
+----------------------+------------------+------------+------------+----------------+
; Module Name          ; Machine Hostname ; OS Name    ; OS Version ; Processor type ;
+----------------------+------------------+------------+------------+----------------+
; Analysis & Synthesis ; LAPTOP-PB48E8ID  ; Windows 10 ; 10.0       ; x86_64         ;
; Fitter               ; LAPTOP-PB48E8ID  ; Windows 10 ; 10.0       ; x86_64         ;
; Assembler            ; LAPTOP-PB48E8ID  ; Windows 10 ; 10.0       ; x86_64         ;
+----------------------+------------------+------------+------------+----------------+


------------
; Flow Log ;
------------
quartus_map --read_settings_files=on --write_settings_files=off WIFI_ESP8266 -c WIFI_ESP8266
quartus_fit --read_settings_files=on --write_settings_files=off WIFI_ESP8266 -c WIFI_ESP8266
quartus_asm --read_settings_files=off --write_settings_files=off WIFI_ESP8266 -c WIFI_ESP8266



