
map -a "MachXO2" -p LCMXO2-4000HC -t CSBGA132 -s 4 -oc Commercial   "WIFI_ESP8266_impl1.ngd" -o "WIFI_ESP8266_impl1_map.ncd" -pr "WIFI_ESP8266_impl1.prf" -mp "WIFI_ESP8266_impl1.mrp" -lpf "F:/Fpga_Project/BaseBoard/LAB13_WIFI_ESP8266/impl1/WIFI_ESP8266_impl1_synplify.lpf" -lpf "F:/Fpga_Project/BaseBoard/LAB13_WIFI_ESP8266/WIFI_ESP8266.lpf" -c 0            
map:  version Diamond (64-bit) 3.9.0.99.2

Copyright (c) 1991-1994 by NeoCAD Inc. All rights reserved.
Copyright (c) 1995 AT&T Corp.   All rights reserved.
Copyright (c) 1995-2001 Lucent Technologies Inc.  All rights reserved.
Copyright (c) 2001 Agere Systems   All rights reserved.
Copyright (c) 2002-2017 Lattice Semiconductor Corporation,  All rights reserved.
   Process the file: WIFI_ESP8266_impl1.ngd
   Picdevice="LCMXO2-4000HC"

   Pictype="CSBGA132"

   Picspeed=4

   Remove unused logic

   Do not produce over sized NCDs.

Part used: LCMXO2-4000HCCSBGA132, Performance used: 4.

Loading device for application map from file 'xo2c4000.nph' in environment: C:/Program Files (x86)/lscc/diamond/3.9_x64/ispfpga.
Package Status:                     Final          Version 1.44.

Running general design DRC...

Removing unused logic...

Optimizing...

7 CCU2 constant inputs absorbed.

    <postMsg mid="51001030" type="Warning" dynamic="1" navigation="0" arg0="rst_n_c"  />



Design Summary:
   Number of registers:    211 out of  4635 (5%)
      PFU registers:          206 out of  4320 (5%)
      PIO registers:            5 out of   315 (2%)
   Number of SLICEs:       240 out of  2160 (11%)
      SLICEs as Logic/ROM:    240 out of  2160 (11%)
      SLICEs as RAM:            0 out of  1620 (0%)
      SLICEs as Carry:         44 out of  2160 (2%)
   Number of LUT4s:        478 out of  4320 (11%)
      Number used as logic LUTs:        390
      Number used as distributed RAM:     0
      Number used as ripple logic:       88
      Number used as shift registers:     0
   Number of PIO sites used: 8 + 4(JTAG) out of 105 (11%)
   Number of block RAMs:  0 out of 10 (0%)
   Number of GSRs:  1 out of 1 (100%)
   EFB used :       No
   JTAG used :      No
   Readback used :  No
   Oscillator used :  No
   Startup used :   No
   POR :            On
   Bandgap :        On
   Number of Power Controller:  0 out of 1 (0%)
   Number of Dynamic Bank Controller (BCINRD):  0 out of 6 (0%)
   Number of Dynamic Bank Controller (BCLVDSO):  0 out of 1 (0%)
   Number of DCCA:  0 out of 8 (0%)
   Number of DCMA:  0 out of 2 (0%)
   Number of PLLs:  0 out of 2 (0%)
   Number of DQSDLLs:  0 out of 2 (0%)
   Number of CLKDIVC:  0 out of 4 (0%)
   Number of ECLKSYNCA:  0 out of 4 (0%)
   Number of ECLKBRIDGECS:  0 out of 2 (0%)
   Notes:-
      1. Total number of LUT4s = (Number of logic LUT4s) + 2*(Number of distributed RAMs) + 2*(Number of ripple logic)
      2. Number of logic LUT4s does not include count of distributed RAM and ripple logic.
   Number of clocks:  1
     Net clk_c: 127 loads, 127 rising, 0 falling (Driver: PIO clk )
   Number of Clock Enables:  28
     Net cnt_delaye: 13 loads, 13 LSLICEs
     Net seg_sck_1_sqmuxa_i_a3_RNI0C2F1: 1 loads, 0 LSLICEs
     Net cnt_txmd_1_0_a2_0_a2: 3 loads, 3 LSLICEs
     Net N_43_i: 1 loads, 0 LSLICEs
     Net un1_cnt_main21_2_i_1: 11 loads, 11 LSLICEs
     Net G_180: 6 loads, 6 LSLICEs
     Net Segment_scan_uut/state_RNI4MRG1[0]: 11 loads, 11 LSLICEs
     Net un1_state_5_0_a3_RNI21BE1: 1 loads, 0 LSLICEs
     Net cnt_write_RNIKBP61[5]: 1 loads, 0 LSLICEs
     Net Uart_Rx_uut/rx_data_out4: 4 loads, 4 LSLICEs
     Net Uart_Rx_uut/bps_en_RNO: 1 loads, 1 LSLICEs
     Net Uart_Rx_uut/rx_data_RNO[7]: 1 loads, 1 LSLICEs
     Net Uart_Rx_uut/rx_datace[0]: 1 loads, 1 LSLICEs
     Net Uart_Rx_uut/rx_datace[1]: 1 loads, 1 LSLICEs
     Net Uart_Rx_uut/rx_datace[2]: 1 loads, 1 LSLICEs
     Net Uart_Rx_uut/rx_datace[3]: 1 loads, 1 LSLICEs
     Net Uart_Rx_uut/rx_datace[4]: 1 loads, 1 LSLICEs
     Net Uart_Rx_uut/rx_datace[5]: 1 loads, 1 LSLICEs
     Net Uart_Rx_uut/rx_datace[6]: 1 loads, 1 LSLICEs
     Net Uart_Tx_uut/bps_en5: 4 loads, 4 LSLICEs
     Net Uart_Tx_uut/N_45_i: 2 loads, 2 LSLICEs
     Net Uart_Tx_uut/un1_bps_en5_0: 1 loads, 1 LSLICEs
     Net nume: 5 loads, 5 LSLICEs
     Net N_49_i: 1 loads, 1 LSLICEs
     Net N_47_i: 4 loads, 4 LSLICEs
     Net un1_rx_data_valid_r1: 16 loads, 16 LSLICEs
     Net N_334: 2 loads, 2 LSLICEs
     Net N_19_i: 1 loads, 1 LSLICEs
   Number of local set/reset loads for net rst_n_c merged into GSR:  150
   Number of LSRs:  0
   Number of nets driven by tri-state buffers:  0
   Top 10 highest fanout non-clock nets:
     Net num[0]: 43 loads
     Net num[2]: 39 loads
     Net Segment_scan_uut/cnt_main[2]: 37 loads
     Net num[1]: 34 loads
     Net display_en_r2: 33 loads
     Net num[3]: 31 loads
     Net cnt_main[2]: 30 loads
     Net cnt_main[1]: 27 loads
     Net cnt_main[0]: 26 loads
     Net cnt_delay: 25 loads
 

   Number of warnings:  1
   Number of errors:    0



Total CPU Time: 0 secs  
Total REAL Time: 0 secs  
Peak Memory Usage: 52 MB

Dumping design to file WIFI_ESP8266_impl1_map.ncd.

mpartrce -p "WIFI_ESP8266_impl1.p2t" -f "WIFI_ESP8266_impl1.p3t" -tf "WIFI_ESP8266_impl1.pt" "WIFI_ESP8266_impl1_map.ncd" "WIFI_ESP8266_impl1.ncd"

---- MParTrce Tool ----
Removing old design directory at request of -rem command line option to this program.
Running par. Please wait . . .

Lattice Place and Route Report for Design "WIFI_ESP8266_impl1_map.ncd"
Tue Jan 29 10:41:32 2019

PAR: Place And Route Diamond (64-bit) 3.9.0.99.2.
Command Line: par -w -l 5 -i 6 -t 1 -c 0 -e 0 -gui -exp parUseNBR=1:parCDP=0:parCDR=0:parPathBased=OFF WIFI_ESP8266_impl1_map.ncd WIFI_ESP8266_impl1.dir/5_1.ncd WIFI_ESP8266_impl1.prf
Preference file: WIFI_ESP8266_impl1.prf.
Placement level-cost: 5-1.
Routing Iterations: 6

Loading design for application par from file WIFI_ESP8266_impl1_map.ncd.
Design name: WIFI_ESP8266
NCD version: 3.3
Vendor:      LATTICE
Device:      LCMXO2-4000HC
Package:     CSBGA132
Performance: 4
Loading device for application par from file 'xo2c4000.nph' in environment: C:/Program Files (x86)/lscc/diamond/3.9_x64/ispfpga.
Package Status:                     Final          Version 1.44.
Performance Hardware Data Status:   Final          Version 34.4.
License checked out.


Ignore Preference Error(s):  True
Device utilization summary:

   PIO (prelim)    8+4(JTAG)/280     4% used
                   8+4(JTAG)/105     11% bonded
   IOLOGIC            5/280           1% used

   SLICE            240/2160         11% used

   GSR                1/1           100% used


Number of Signals: 692
Number of Connections: 2035

Pin Constraint Summary:
   8 out of 8 pins locked (100% locked).

The following 1 signal is selected to use the primary clock routing resources:
    clk_c (driver: clk, clk load #: 127)

    <postMsg mid="61061008" type="Warning" dynamic="5" navigation="0" arg0="clk_c" arg1="Primary" arg2="clk" arg3="C1" arg4="Primary"  />

The following 4 signals are selected to use the secondary clock routing resources:
    un1_rx_data_valid_r1 (driver: SLICE_103, clk load #: 0, sr load #: 0, ce load #: 16)
    cnt_delaye (driver: SLICE_254, clk load #: 0, sr load #: 0, ce load #: 13)
    un1_cnt_main21_2_i_1 (driver: SLICE_250, clk load #: 0, sr load #: 0, ce load #: 11)
    Segment_scan_uut/state_RNI4MRG1[0] (driver: Segment_scan_uut/SLICE_236, clk load #: 0, sr load #: 0, ce load #: 11)

Signal rst_n_c is selected as Global Set/Reset.
Starting Placer Phase 0.
...........
Finished Placer Phase 0.  REAL time: 0 secs 

Starting Placer Phase 1.
....................
Placer score = 71977.
Finished Placer Phase 1.  REAL time: 2 secs 

Starting Placer Phase 2.
.
Placer score =  70493
Finished Placer Phase 2.  REAL time: 2 secs 


------------------ Clock Report ------------------

Global Clock Resources:
  CLK_PIN    : 0 out of 8 (0%)
  General PIO: 1 out of 280 (0%)
  PLL        : 0 out of 2 (0%)
  DCM        : 0 out of 2 (0%)
  DCC        : 0 out of 8 (0%)

Quadrants All (TL, TR, BL, BR) - Global Clocks:
  PRIMARY "clk_c" from comp "clk" on PIO site "C1 (PL4A)", clk load = 127
  SECONDARY "un1_rx_data_valid_r1" from F0 on comp "SLICE_103" on site "R12C17D", clk load = 0, ce load = 16, sr load = 0
  SECONDARY "cnt_delaye" from F0 on comp "SLICE_254" on site "R12C17C", clk load = 0, ce load = 13, sr load = 0
  SECONDARY "un1_cnt_main21_2_i_1" from F0 on comp "SLICE_250" on site "R12C17B", clk load = 0, ce load = 11, sr load = 0
  SECONDARY "Segment_scan_uut/state_RNI4MRG1[0]" from F1 on comp "Segment_scan_uut/SLICE_236" on site "R12C15A", clk load = 0, ce load = 11, sr load = 0

  PRIMARY  : 1 out of 8 (12%)
  SECONDARY: 4 out of 8 (50%)

Edge Clocks:
  No edge clock selected.

--------------- End of Clock Report ---------------


I/O Usage Summary (final):
   8 + 4(JTAG) out of 280 (4.3%) PIO sites used.
   8 + 4(JTAG) out of 105 (11.4%) bonded PIO sites used.
   Number of PIO comps: 8; differential: 0.
   Number of Vref pins used: 0.

I/O Bank Usage Summary:
+----------+---------------+------------+-----------+
| I/O Bank | Usage         | Bank Vccio | Bank Vref |
+----------+---------------+------------+-----------+
| 0        | 0 / 26 (  0%) | -          | -         |
| 1        | 4 / 26 ( 15%) | 3.3V       | -         |
| 2        | 3 / 28 ( 10%) | 3.3V       | -         |
| 3        | 0 / 7 (  0%)  | -          | -         |
| 4        | 0 / 8 (  0%)  | -          | -         |
| 5        | 1 / 10 ( 10%) | 3.3V       | -         |
+----------+---------------+------------+-----------+

Total placer CPU time: 2 secs 

Dumping design to file WIFI_ESP8266_impl1.dir/5_1.ncd.


-----------------------------------------------------------------
INFO - par: ASE feature is off due to non timing-driven settings.  
-----------------------------------------------------------------

0 connections routed; 2035 unrouted.
Starting router resource preassignment

Completed router resource preassignment. Real time: 3 secs 

Start NBR router at 10:41:35 01/29/19

*****************************************************************
Info: NBR allows conflicts(one node used by more than one signal)
      in the earlier iterations. In each iteration, it tries to  
      solve the conflicts while keeping the critical connections 
      routed as short as possible. The routing process is said to
      be completed when no conflicts exist and all connections   
      are routed.                                                
Note: NBR uses a different method to calculate timing slacks. The
      worst slack and total negative slack may not be the same as
      that in TRCE report. You should always run TRCE to verify  
      your design.                                               
*****************************************************************

Start NBR special constraint process at 10:41:35 01/29/19

Start NBR section for initial routing at 10:41:35 01/29/19
Level 4, iteration 1
69(0.03%) conflicts; 0(0.00%) untouched conn; 0 (nbr) score; real time: 4 secs 

Info: Initial congestion level at 75% usage is 0
Info: Initial congestion area  at 75% usage is 0 (0.00%)

Start NBR section for normal routing at 10:41:36 01/29/19
Level 4, iteration 1
27(0.01%) conflicts; 0(0.00%) untouched conn; 0 (nbr) score; real time: 4 secs 
Level 4, iteration 2
14(0.01%) conflicts; 0(0.00%) untouched conn; 0 (nbr) score; real time: 4 secs 
Level 4, iteration 3
5(0.00%) conflicts; 0(0.00%) untouched conn; 0 (nbr) score; real time: 4 secs 
Level 4, iteration 4
4(0.00%) conflicts; 0(0.00%) untouched conn; 0 (nbr) score; real time: 4 secs 
Level 4, iteration 5
0(0.00%) conflict; 0(0.00%) untouched conn; 0 (nbr) score; real time: 4 secs 

Start NBR section for re-routing at 10:41:36 01/29/19
Level 4, iteration 1
0(0.00%) conflict; 0(0.00%) untouched conn; 0 (nbr) score; real time: 4 secs 

Start NBR section for post-routing at 10:41:36 01/29/19

End NBR router with 0 unrouted connection

NBR Summary
-----------
  Number of unrouted connections : 0 (0.00%)
  Number of connections with timing violations : 0 (0.00%)
  Estimated worst slack<setup> : <n/a>
  Timing score<setup> : 0
-----------
Notes: The timing info is calculated for SETUP only and all PAR_ADJs are ignored.



Total CPU time 3 secs 
Total REAL time: 4 secs 
Completely routed.
End of route.  2035 routed (100.00%); 0 unrouted.

Hold time timing score: 0, hold timing errors: 0

Timing score: 0 

Dumping design to file WIFI_ESP8266_impl1.dir/5_1.ncd.


PAR_SUMMARY::Run status = completed
PAR_SUMMARY::Number of unrouted conns = 0
PAR_SUMMARY::Worst  slack<setup/<ns>> = <n/a>
PAR_SUMMARY::Timing score<setup/<ns>> = <n/a>
PAR_SUMMARY::Worst  slack<hold /<ns>> = <n/a>
PAR_SUMMARY::Timing score<hold /<ns>> = <n/a>
PAR_SUMMARY::Number of errors = 0

Total CPU  time to completion: 3 secs 
Total REAL time to completion: 4 secs 

par done!

Copyright (c) 1991-1994 by NeoCAD Inc. All rights reserved.
Copyright (c) 1995 AT&T Corp.   All rights reserved.
Copyright (c) 1995-2001 Lucent Technologies Inc.  All rights reserved.
Copyright (c) 2001 Agere Systems   All rights reserved.
Copyright (c) 2002-2017 Lattice Semiconductor Corporation,  All rights reserved.
Exiting par with exit code 0
Exiting mpartrce with exit code 0

bitgen -f "WIFI_ESP8266_impl1.t2b" -w "WIFI_ESP8266_impl1.ncd" -jedec "WIFI_ESP8266_impl1.prf"


BITGEN: Bitstream Generator Diamond (64-bit) 3.9.0.99.2
Copyright (c) 1991-1994 by NeoCAD Inc. All rights reserved.
Copyright (c) 1995 AT&T Corp.   All rights reserved.
Copyright (c) 1995-2001 Lucent Technologies Inc.  All rights reserved.
Copyright (c) 2001 Agere Systems   All rights reserved.
Copyright (c) 2002-2017 Lattice Semiconductor Corporation,  All rights reserved.


Loading design for application Bitgen from file WIFI_ESP8266_impl1.ncd.
Design name: WIFI_ESP8266
NCD version: 3.3
Vendor:      LATTICE
Device:      LCMXO2-4000HC
Package:     CSBGA132
Performance: 4
Loading device for application Bitgen from file 'xo2c4000.nph' in environment: C:/Program Files (x86)/lscc/diamond/3.9_x64/ispfpga.
Package Status:                     Final          Version 1.44.
Performance Hardware Data Status:   Final          Version 34.4.

Running DRC.
DRC detected 0 errors and 0 warnings.
Reading Preference File from WIFI_ESP8266_impl1.prf.

Preference Summary:
+---------------------------------+---------------------------------+
|  Preference                     |  Current Setting                |
+---------------------------------+---------------------------------+
|                         RamCfg  |                        Reset**  |
+---------------------------------+---------------------------------+
|                     MCCLK_FREQ  |                         2.08**  |
+---------------------------------+---------------------------------+
|                  CONFIG_SECURE  |                          OFF**  |
+---------------------------------+---------------------------------+
|                          INBUF  |                           ON**  |
+---------------------------------+---------------------------------+
|                      JTAG_PORT  |                       ENABLE**  |
+---------------------------------+---------------------------------+
|                       SDM_PORT  |                      DISABLE**  |
+---------------------------------+---------------------------------+
|                 SLAVE_SPI_PORT  |                      DISABLE**  |
+---------------------------------+---------------------------------+
|                MASTER_SPI_PORT  |                      DISABLE**  |
+---------------------------------+---------------------------------+
|                       I2C_PORT  |                      DISABLE**  |
+---------------------------------+---------------------------------+
|        MUX_CONFIGURATION_PORTS  |                      DISABLE**  |
+---------------------------------+---------------------------------+
|                  CONFIGURATION  |                          CFG**  |
+---------------------------------+---------------------------------+
|                COMPRESS_CONFIG  |                           ON**  |
+---------------------------------+---------------------------------+
|                        MY_ASSP  |                          OFF**  |
+---------------------------------+---------------------------------+
|               ONE_TIME_PROGRAM  |                          OFF**  |
+---------------------------------+---------------------------------+
|                 ENABLE_TRANSFR  |                      DISABLE**  |
+---------------------------------+---------------------------------+
|                  SHAREDEBRINIT  |                      DISABLE**  |
+---------------------------------+---------------------------------+
|            BACKGROUND_RECONFIG  |                          OFF**  |
+---------------------------------+---------------------------------+
 *  Default setting.
 ** The specified setting matches the default setting.


Creating bit map...
 
Bitstream Status: Final           Version 1.94.
 
Saving bit stream in "WIFI_ESP8266_impl1.jed".
 
===========
UFM Summary.
===========
UFM Size:        767 Pages (128*767 Bits).
UFM Utilization: General Purpose Flash Memory.
 
Available General Purpose Flash Memory:  767 Pages (Page 0 to Page 766).
Initialized UFM Pages:                     0 Page.
 
