# Synopsys Constraint Checker, version maplat, Build 1612R, built Dec  5 2016
# Copyright (C) 1994-2016 Synopsys, Inc. All rights reserved. This Synopsys software and all associated documentation are proprietary to Synopsys, Inc. and may only be used pursuant to the terms and conditions of a written license agreement with Synopsys, Inc. All other use, reproduction, modification, or distribution of the Synopsys software or the associated documentation is strictly prohibited.

# Written on Tue Jan 29 10:39:58 2019


##### DESIGN INFO #######################################################

Top View:                "WIFI_ESP8266"
Constraint File(s):      (none)




##### SUMMARY ############################################################

Found 0 issues in 0 out of 0 constraints


##### DETAILS ############################################################



Clock Relationships
*******************

Starting                                 Ending                                   |     rise to rise     |     fall to fall     |     rise to fall     |     fall to rise                     
---------------------------------------------------------------------------------------------------------------------------------------------------------------------------------------------
WIFI_ESP8266|clk                         WIFI_ESP8266|clk                         |     1000.000         |     No paths         |     No paths         |     No paths                         
WIFI_ESP8266|clk                         Segment_scan|clk_40khz_derived_clock     |     1000.000         |     No paths         |     No paths         |     No paths                         
Segment_scan|clk_40khz_derived_clock     Segment_scan|clk_40khz_derived_clock     |     1000.000         |     No paths         |     No paths         |     No paths                         
=============================================================================================================================================================================================
 Note: 'No paths' indicates there are no paths in the design for that pair of clock edges.
       'Diff grp' indicates that paths exist but the starting clock and ending clock are in different clock groups.


Unconstrained Start/End Points
******************************

p:rst_n
p:seg_din
p:seg_rck
p:seg_sck
p:uart_tx
p:wifi_rx
p:wifi_tx


Inapplicable constraints
************************

(none)


Applicable constraints with issues
**********************************

(none)


Constraints with matching wildcard expressions
**********************************************

(none)


Library Report
**************


# End of Constraint Checker Report
