
synthesis -f "Picture_display_impl1_lattice.synproj"
synthesis:  version Diamond (64-bit) 3.9.0.99.2

Copyright (c) 1991-1994 by NeoCAD Inc. All rights reserved.
Copyright (c) 1995 AT&T Corp.   All rights reserved.
Copyright (c) 1995-2001 Lucent Technologies Inc.  All rights reserved.
Copyright (c) 2001 Agere Systems   All rights reserved.
Copyright (c) 2002-2017 Lattice Semiconductor Corporation,  All rights reserved.
Tue Jan 29 10:07:55 2019


Command Line:  synthesis -f Picture_display_impl1_lattice.synproj -gui 

    <postMsg mid="35002000" type="Info"    dynamic="0" navigation="0"  />
Synthesis options:
The -a option is MachXO2.
The -s option is 4.
The -t option is CSBGA132.
The -d option is LCMXO2-4000HC.
Using package CSBGA132.
Using performance grade 4.
                                                          

##########################################################

### Lattice Family : MachXO2

### Device  : LCMXO2-4000HC

### Package : CSBGA132

### Speed   : 4

##########################################################

                                                          

    <postMsg mid="35001781" type="Info"    dynamic="0" navigation="0"  />
Optimization goal = Area
Top-level module name = Picture_display.
Target frequency = 1.000000 MHz.
Maximum fanout = 1000.
Timing path count = 3 (default)
BRAM utilization = 100.000000 %
DSP usage = true
DSP utilization = 100.000000 %
fsm_encoding_style = auto
resolve_mixed_drivers = 0
fix_gated_clocks = 1

Mux style = Auto
Use Carry Chain = true
carry_chain_length = 0
Loop Limit = 1950.
Use IO Insertion = TRUE
Use IO Reg = AUTO

Resource Sharing = TRUE
Propagate Constants = TRUE
Remove Duplicate Registers = TRUE
force_gsr = no
ROM style = auto
RAM style = auto
The -comp option is FALSE.
The -syn option is FALSE.
-p F:/Fpga_Project/BaseBoard/LAB11_Picture_display (searchpath added)
-p C:/Program Files (x86)/lscc/diamond/3.9_x64/ispfpga/xo2c00/data (searchpath added)
-p F:/Fpga_Project/BaseBoard/LAB11_Picture_display/impl1 (searchpath added)
-p F:/Fpga_Project/BaseBoard/LAB11_Picture_display (searchpath added)
Verilog design file = F:/Fpga_Project/BaseBoard/LAB11_Picture_display/Picture_display.v
Verilog design file = F:/Fpga_Project/BaseBoard/LAB11_Picture_display/LCD_RAM.v
Verilog design file = F:/Fpga_Project/BaseBoard/LAB11_Picture_display/LCD_RGB.v
NGD file = Picture_display_impl1.ngd
-sdc option: SDC file input not used.
-lpf option: Output file option is ON.
Hardtimer checking is enabled (default). The -dt option is not used.
The -r option is OFF. [ Remove LOC Properties is OFF. ]
Technology check ok...

Analyzing Verilog file C:/Program Files (x86)/lscc/diamond/3.9_x64/ispfpga/userware/NT/SYNTHESIS_HEADERS/machxo2.v. VERI-1482
Compile design.
Compile Design Begin
Analyzing Verilog file f:/fpga_project/baseboard/lab11_picture_display/picture_display.v. VERI-1482
Analyzing Verilog file f:/fpga_project/baseboard/lab11_picture_display/lcd_ram.v. VERI-1482
Analyzing Verilog file f:/fpga_project/baseboard/lab11_picture_display/lcd_rgb.v. VERI-1482
Analyzing Verilog file C:/Program Files (x86)/lscc/diamond/3.9_x64/ispfpga/userware/NT/SYNTHESIS_HEADERS/machxo2.v. VERI-1482
Top module name (Verilog): Picture_display
    <postMsg mid="35901018" type="Info"    dynamic="2" navigation="2" arg0="f:/fpga_project/baseboard/lab11_picture_display/picture_display.v(18): " arg1="Picture_display" arg2="f:/fpga_project/baseboard/lab11_picture_display/picture_display.v" arg3="18"  />
    <postMsg mid="35901018" type="Info"    dynamic="2" navigation="2" arg0="f:/fpga_project/baseboard/lab11_picture_display/lcd_rgb.v(18): " arg1="LCD_RGB" arg2="f:/fpga_project/baseboard/lab11_picture_display/lcd_rgb.v" arg3="18"  />
    <postMsg mid="35901209" type="Warning" dynamic="3" navigation="2" arg0="f:/fpga_project/baseboard/lab11_picture_display/lcd_rgb.v(185): " arg1="33" arg2="9" arg3="f:/fpga_project/baseboard/lab11_picture_display/lcd_rgb.v" arg4="185"  />
    <postMsg mid="35901209" type="Warning" dynamic="3" navigation="2" arg0="f:/fpga_project/baseboard/lab11_picture_display/lcd_rgb.v(190): " arg1="33" arg2="9" arg3="f:/fpga_project/baseboard/lab11_picture_display/lcd_rgb.v" arg4="190"  />
    <postMsg mid="35901018" type="Info"    dynamic="2" navigation="2" arg0="f:/fpga_project/baseboard/lab11_picture_display/lcd_ram.v(19): " arg1="LCD_RAM" arg2="f:/fpga_project/baseboard/lab11_picture_display/lcd_ram.v" arg3="19"  />
Last elaborated design is Picture_display()
Loading NGL library 'C:/Program Files (x86)/lscc/diamond/3.9_x64/ispfpga/xo2c00a/data/xo2alib.ngl'...
Loading NGL library 'C:/Program Files (x86)/lscc/diamond/3.9_x64/ispfpga/xo2c00/data/xo2clib.ngl'...
Loading NGL library 'C:/Program Files (x86)/lscc/diamond/3.9_x64/ispfpga/mg5g00/data/mg5glib.ngl'...
Loading NGL library 'C:/Program Files (x86)/lscc/diamond/3.9_x64/ispfpga/or5g00/data/orc5glib.ngl'...
Loading device for application map from file 'xo2c4000.nph' in environment: C:/Program Files (x86)/lscc/diamond/3.9_x64/ispfpga.
Package Status:                     Final          Version 1.44.
Top-level module name = Picture_display.
    <postMsg mid="35935013" type="Warning" dynamic="2" navigation="2" arg0="f:/fpga_project/baseboard/lab11_picture_display/lcd_rgb.v(50): " arg1="reg_setxy_0_0" arg2="f:/fpga_project/baseboard/lab11_picture_display/lcd_rgb.v" arg3="50"  />
    <postMsg mid="35935014" type="Warning" dynamic="2" navigation="2" arg0="f:/fpga_project/baseboard/lab11_picture_display/lcd_rgb.v(50): " arg1="reg_setxy_0_1" arg2="f:/fpga_project/baseboard/lab11_picture_display/lcd_rgb.v" arg3="50"  />
    <postMsg mid="35935014" type="Warning" dynamic="2" navigation="2" arg0="f:/fpga_project/baseboard/lab11_picture_display/lcd_rgb.v(51): " arg1="reg_init_0_0" arg2="f:/fpga_project/baseboard/lab11_picture_display/lcd_rgb.v" arg3="51"  />
    <postMsg mid="35935013" type="Warning" dynamic="2" navigation="2" arg0="f:/fpga_project/baseboard/lab11_picture_display/lcd_rgb.v(51): " arg1="reg_init_0_1" arg2="f:/fpga_project/baseboard/lab11_picture_display/lcd_rgb.v" arg3="51"  />
    <postMsg mid="35931002" type="Warning" dynamic="2" navigation="2" arg0="f:/fpga_project/baseboard/lab11_picture_display/lcd_rgb.v(51): " arg1="\i328/reg_init_62_0" arg2="f:/fpga_project/baseboard/lab11_picture_display/lcd_rgb.v" arg3="51"  />
######## Missing driver on net \LCD_RGB_uut/\i328/reg_init_62_0. Patching with GND.
######## Missing driver on net \LCD_RGB_uut/\i328/reg_init_62_1. Patching with GND.
######## Missing driver on net \LCD_RGB_uut/\i328/reg_init_62_2. Patching with GND.
######## Missing driver on net \LCD_RGB_uut/\i328/reg_init_62_3. Patching with GND.
######## Missing driver on net \LCD_RGB_uut/\i328/reg_init_62_4. Patching with GND.
######## Missing driver on net \LCD_RGB_uut/\i328/reg_init_62_5. Patching with GND.
######## Missing driver on net \LCD_RGB_uut/\i328/reg_init_62_6. Patching with GND.
######## Missing driver on net \LCD_RGB_uut/\i328/reg_init_62_7. Patching with GND.
######## Missing driver on net \LCD_RGB_uut/\i328/reg_init_62_8. Patching with GND.
######## Missing driver on net \LCD_RGB_uut/\i328/reg_init_63_0. Patching with GND.
######## Missing driver on net \LCD_RGB_uut/\i328/reg_init_63_1. Patching with GND.
######## Missing driver on net \LCD_RGB_uut/\i328/reg_init_63_2. Patching with GND.
######## Missing driver on net \LCD_RGB_uut/\i328/reg_init_63_3. Patching with GND.
######## Missing driver on net \LCD_RGB_uut/\i328/reg_init_63_4. Patching with GND.
######## Missing driver on net \LCD_RGB_uut/\i328/reg_init_63_5. Patching with GND.
######## Missing driver on net \LCD_RGB_uut/\i328/reg_init_63_6. Patching with GND.
######## Missing driver on net \LCD_RGB_uut/\i328/reg_init_63_7. Patching with GND.
######## Missing driver on net \LCD_RGB_uut/\i328/reg_init_63_8. Patching with GND.
######## Missing driver on net \LCD_RGB_uut/\i328/reg_init_64_0. Patching with GND.
######## Missing driver on net \LCD_RGB_uut/\i328/reg_init_64_1. Patching with GND.
######## Missing driver on net \LCD_RGB_uut/\i328/reg_init_64_2. Patching with GND.
######## Missing driver on net \LCD_RGB_uut/\i328/reg_init_64_3. Patching with GND.
######## Missing driver on net \LCD_RGB_uut/\i328/reg_init_64_4. Patching with GND.
######## Missing driver on net \LCD_RGB_uut/\i328/reg_init_64_5. Patching with GND.
######## Missing driver on net \LCD_RGB_uut/\i328/reg_init_64_6. Patching with GND.
######## Missing driver on net \LCD_RGB_uut/\i328/reg_init_64_7. Patching with GND.
######## Missing driver on net \LCD_RGB_uut/\i328/reg_init_64_8. Patching with GND.
######## Missing driver on net \LCD_RGB_uut/\i328/reg_init_65_0. Patching with GND.
######## Missing driver on net \LCD_RGB_uut/\i328/reg_init_65_1. Patching with GND.
######## Missing driver on net \LCD_RGB_uut/\i328/reg_init_65_2. Patching with GND.
######## Missing driver on net \LCD_RGB_uut/\i328/reg_init_65_3. Patching with GND.
######## Missing driver on net \LCD_RGB_uut/\i328/reg_init_65_4. Patching with GND.
######## Missing driver on net \LCD_RGB_uut/\i328/reg_init_65_5. Patching with GND.
######## Missing driver on net \LCD_RGB_uut/\i328/reg_init_65_6. Patching with GND.
######## Missing driver on net \LCD_RGB_uut/\i328/reg_init_65_7. Patching with GND.
######## Missing driver on net \LCD_RGB_uut/\i328/reg_init_65_8. Patching with GND.
######## Missing driver on net \LCD_RGB_uut/\i328/reg_init_66_0. Patching with GND.
######## Missing driver on net \LCD_RGB_uut/\i328/reg_init_66_1. Patching with GND.
######## Missing driver on net \LCD_RGB_uut/\i328/reg_init_66_2. Patching with GND.
######## Missing driver on net \LCD_RGB_uut/\i328/reg_init_66_3. Patching with GND.
######## Missing driver on net \LCD_RGB_uut/\i328/reg_init_66_4. Patching with GND.
######## Missing driver on net \LCD_RGB_uut/\i328/reg_init_66_5. Patching with GND.
######## Missing driver on net \LCD_RGB_uut/\i328/reg_init_66_6. Patching with GND.
######## Missing driver on net \LCD_RGB_uut/\i328/reg_init_66_7. Patching with GND.
######## Missing driver on net \LCD_RGB_uut/\i328/reg_init_66_8. Patching with GND.
######## Missing driver on net \LCD_RGB_uut/\i328/reg_init_67_0. Patching with GND.
######## Missing driver on net \LCD_RGB_uut/\i328/reg_init_67_1. Patching with GND.
######## Missing driver on net \LCD_RGB_uut/\i328/reg_init_67_2. Patching with GND.
######## Missing driver on net \LCD_RGB_uut/\i328/reg_init_67_3. Patching with GND.
######## Missing driver on net \LCD_RGB_uut/\i328/reg_init_67_4. Patching with GND.
######## Missing driver on net \LCD_RGB_uut/\i328/reg_init_67_5. Patching with GND.
######## Missing driver on net \LCD_RGB_uut/\i328/reg_init_67_6. Patching with GND.
######## Missing driver on net \LCD_RGB_uut/\i328/reg_init_67_7. Patching with GND.
######## Missing driver on net \LCD_RGB_uut/\i328/reg_init_67_8. Patching with GND.
######## Missing driver on net \LCD_RGB_uut/\i328/reg_init_68_0. Patching with GND.
######## Missing driver on net \LCD_RGB_uut/\i328/reg_init_68_1. Patching with GND.
######## Missing driver on net \LCD_RGB_uut/\i328/reg_init_68_2. Patching with GND.
######## Missing driver on net \LCD_RGB_uut/\i328/reg_init_68_3. Patching with GND.
######## Missing driver on net \LCD_RGB_uut/\i328/reg_init_68_4. Patching with GND.
######## Missing driver on net \LCD_RGB_uut/\i328/reg_init_68_5. Patching with GND.
######## Missing driver on net \LCD_RGB_uut/\i328/reg_init_68_6. Patching with GND.
######## Missing driver on net \LCD_RGB_uut/\i328/reg_init_68_7. Patching with GND.
######## Missing driver on net \LCD_RGB_uut/\i328/reg_init_68_8. Patching with GND.
######## Missing driver on net \LCD_RGB_uut/\i328/reg_init_69_0. Patching with GND.
######## Missing driver on net \LCD_RGB_uut/\i328/reg_init_69_1. Patching with GND.
######## Missing driver on net \LCD_RGB_uut/\i328/reg_init_69_2. Patching with GND.
######## Missing driver on net \LCD_RGB_uut/\i328/reg_init_69_3. Patching with GND.
######## Missing driver on net \LCD_RGB_uut/\i328/reg_init_69_4. Patching with GND.
######## Missing driver on net \LCD_RGB_uut/\i328/reg_init_69_5. Patching with GND.
######## Missing driver on net \LCD_RGB_uut/\i328/reg_init_69_6. Patching with GND.
######## Missing driver on net \LCD_RGB_uut/\i328/reg_init_69_7. Patching with GND.
######## Missing driver on net \LCD_RGB_uut/\i328/reg_init_69_8. Patching with GND.
######## Missing driver on net \LCD_RGB_uut/\i328/reg_init_70_0. Patching with GND.
######## Missing driver on net \LCD_RGB_uut/\i328/reg_init_70_1. Patching with GND.
######## Missing driver on net \LCD_RGB_uut/\i328/reg_init_70_2. Patching with GND.
######## Missing driver on net \LCD_RGB_uut/\i328/reg_init_70_3. Patching with GND.
######## Missing driver on net \LCD_RGB_uut/\i328/reg_init_70_4. Patching with GND.
######## Missing driver on net \LCD_RGB_uut/\i328/reg_init_70_5. Patching with GND.
######## Missing driver on net \LCD_RGB_uut/\i328/reg_init_70_6. Patching with GND.
######## Missing driver on net \LCD_RGB_uut/\i328/reg_init_70_7. Patching with GND.
######## Missing driver on net \LCD_RGB_uut/\i328/reg_init_70_8. Patching with GND.
######## Missing driver on net \LCD_RGB_uut/\i328/reg_init_71_0. Patching with GND.
######## Missing driver on net \LCD_RGB_uut/\i328/reg_init_71_1. Patching with GND.
######## Missing driver on net \LCD_RGB_uut/\i328/reg_init_71_2. Patching with GND.
######## Missing driver on net \LCD_RGB_uut/\i328/reg_init_71_3. Patching with GND.
######## Missing driver on net \LCD_RGB_uut/\i328/reg_init_71_4. Patching with GND.
######## Missing driver on net \LCD_RGB_uut/\i328/reg_init_71_5. Patching with GND.
######## Missing driver on net \LCD_RGB_uut/\i328/reg_init_71_6. Patching with GND.
######## Missing driver on net \LCD_RGB_uut/\i328/reg_init_71_7. Patching with GND.
######## Missing driver on net \LCD_RGB_uut/\i328/reg_init_71_8. Patching with GND.
######## Missing driver on net \LCD_RGB_uut/\i328/reg_init_72_0. Patching with GND.
######## Missing driver on net \LCD_RGB_uut/\i328/reg_init_72_1. Patching with GND.
######## Missing driver on net \LCD_RGB_uut/\i328/reg_init_72_2. Patching with GND.
######## Missing driver on net \LCD_RGB_uut/\i328/reg_init_72_3. Patching with GND.
######## Missing driver on net \LCD_RGB_uut/\i328/reg_init_72_4. Patching with GND.
######## Missing driver on net \LCD_RGB_uut/\i328/reg_init_72_5. Patching with GND.
######## Missing driver on net \LCD_RGB_uut/\i328/reg_init_72_6. Patching with GND.
######## Missing driver on net \LCD_RGB_uut/\i328/reg_init_72_7. Patching with GND.
######## Missing driver on net \LCD_RGB_uut/\i328/reg_init_72_8. Patching with GND.



    <postMsg mid="35001747" type="Warning" dynamic="2" navigation="0" arg0="0" arg1="\LCD_RGB_uut/ram_data_r"  />
    <postMsg mid="35001747" type="Warning" dynamic="2" navigation="0" arg0="1" arg1="\LCD_RGB_uut/ram_data_r"  />
    <postMsg mid="35001747" type="Warning" dynamic="2" navigation="0" arg0="2" arg1="\LCD_RGB_uut/ram_data_r"  />
    <postMsg mid="35001747" type="Warning" dynamic="2" navigation="0" arg0="3" arg1="\LCD_RGB_uut/ram_data_r"  />
    <postMsg mid="35001747" type="Warning" dynamic="2" navigation="0" arg0="4" arg1="\LCD_RGB_uut/ram_data_r"  />
    <postMsg mid="35001747" type="Warning" dynamic="2" navigation="0" arg0="5" arg1="\LCD_RGB_uut/ram_data_r"  />
    <postMsg mid="35001747" type="Warning" dynamic="2" navigation="0" arg0="6" arg1="\LCD_RGB_uut/ram_data_r"  />
    <postMsg mid="35001747" type="Warning" dynamic="2" navigation="0" arg0="7" arg1="\LCD_RGB_uut/ram_data_r"  />
    <postMsg mid="35001747" type="Warning" dynamic="2" navigation="0" arg0="8" arg1="\LCD_RGB_uut/ram_data_r"  />
    <postMsg mid="35001747" type="Warning" dynamic="2" navigation="0" arg0="9" arg1="\LCD_RGB_uut/ram_data_r"  />
    <postMsg mid="35001747" type="Warning" dynamic="2" navigation="0" arg0="10" arg1="\LCD_RGB_uut/ram_data_r"  />
    <postMsg mid="35001747" type="Warning" dynamic="2" navigation="0" arg0="11" arg1="\LCD_RGB_uut/ram_data_r"  />
    <postMsg mid="35001747" type="Warning" dynamic="2" navigation="0" arg0="122" arg1="\LCD_RGB_uut/ram_data_r"  />
    <postMsg mid="35001747" type="Warning" dynamic="2" navigation="0" arg0="123" arg1="\LCD_RGB_uut/ram_data_r"  />
    <postMsg mid="35001747" type="Warning" dynamic="2" navigation="0" arg0="124" arg1="\LCD_RGB_uut/ram_data_r"  />
    <postMsg mid="35001747" type="Warning" dynamic="2" navigation="0" arg0="125" arg1="\LCD_RGB_uut/ram_data_r"  />
    <postMsg mid="35001747" type="Warning" dynamic="2" navigation="0" arg0="126" arg1="\LCD_RGB_uut/ram_data_r"  />
    <postMsg mid="35001747" type="Warning" dynamic="2" navigation="0" arg0="127" arg1="\LCD_RGB_uut/ram_data_r"  />
    <postMsg mid="35001747" type="Warning" dynamic="2" navigation="0" arg0="128" arg1="\LCD_RGB_uut/ram_data_r"  />
    <postMsg mid="35001747" type="Warning" dynamic="2" navigation="0" arg0="129" arg1="\LCD_RGB_uut/ram_data_r"  />
    <postMsg mid="35001747" type="Warning" dynamic="2" navigation="0" arg0="130" arg1="\LCD_RGB_uut/ram_data_r"  />
    <postMsg mid="35001747" type="Warning" dynamic="2" navigation="0" arg0="131" arg1="\LCD_RGB_uut/ram_data_r"  />
    <postMsg mid="35001752" type="Warning" dynamic="1" navigation="0" arg0="\LCD_RGB_uut/cnt_main_i6"  />
    <postMsg mid="35001752" type="Warning" dynamic="1" navigation="0" arg0="\LCD_RGB_uut/cnt_main_i7"  />
    <postMsg mid="35001752" type="Warning" dynamic="1" navigation="0" arg0="\LCD_RGB_uut/cnt_main_i5"  />
    <postMsg mid="35001752" type="Warning" dynamic="1" navigation="0" arg0="\LCD_RGB_uut/cnt_main_i4"  />
    <postMsg mid="35001752" type="Warning" dynamic="1" navigation="0" arg0="\LCD_RGB_uut/cnt_main_i3"  />
    <postMsg mid="35001752" type="Warning" dynamic="1" navigation="0" arg0="\LCD_RGB_uut/cnt_main_i2"  />
    <postMsg mid="35001752" type="Warning" dynamic="1" navigation="0" arg0="\LCD_RGB_uut/cnt_main_i1"  />
Applying 1.000000 MHz constraint to all clocks

Results of NGD DRC are available in Picture_display_drc.log.
Loading NGL library 'C:/Program Files (x86)/lscc/diamond/3.9_x64/ispfpga/xo2c00a/data/xo2alib.ngl'...
Loading NGL library 'C:/Program Files (x86)/lscc/diamond/3.9_x64/ispfpga/xo2c00/data/xo2clib.ngl'...
Loading NGL library 'C:/Program Files (x86)/lscc/diamond/3.9_x64/ispfpga/mg5g00/data/mg5glib.ngl'...
Loading NGL library 'C:/Program Files (x86)/lscc/diamond/3.9_x64/ispfpga/or5g00/data/orc5glib.ngl'...


Running DRC...

DRC complete with no errors or warnings

Design Results:
    750 blocks expanded
completed the first expansion
All blocks are expanded and NGD expansion is successful.
Writing NGD file Picture_display_impl1.ngd.

################### Begin Area Report (Picture_display)######################
Number of register bits => 179 of 4635 (3 % )
CCU2D => 43
FD1P3AX => 16
FD1P3BX => 4
FD1P3DX => 100
FD1P3IX => 58
GSR => 1
IB => 2
INV => 1
L6MUX21 => 1
LUT4 => 447
MUX161 => 6
MUX81 => 7
OB => 5
OFS1P3DX => 1
PDPW8KC => 3
PFUMX => 52
################### End Area Report ##################

################### Begin BlackBox Report ######################
TSALL => 1
################### End BlackBox Report ##################

################### Begin Clock Report ######################
Clock Nets
Number of Clocks: 2
  Net : clk_c, loads : 182
  Net : rst_n_c, loads : 6
Clock Enable Nets
Number of Clock Enables: 17
Top 10 highest fanout Clock Enables:
  Net : LCD_RGB_uut/clk_c_enable_182, loads : 65
  Net : LCD_RGB_uut/clk_c_enable_69, loads : 19
  Net : LCD_RGB_uut/clk_c_enable_39, loads : 16
  Net : LCD_RGB_uut/clk_c_enable_54, loads : 16
  Net : LCD_RGB_uut/clk_c_enable_97, loads : 9
  Net : LCD_RGB_uut/clk_c_enable_20, loads : 9
  Net : LCD_RGB_uut/clk_c_enable_83, loads : 8
  Net : LCD_RGB_uut/clk_c_enable_90, loads : 8
  Net : LCD_RGB_uut/clk_c_enable_173, loads : 8
  Net : LCD_RGB_uut/clk_c_enable_76, loads : 8
Highest fanout non-clock nets
Top 10 highest fanout non-clock nets:
  Net : LCD_RGB_uut/rst_n_N_10, loads : 104
  Net : LCD_RGB_uut/ram_addr_3, loads : 71
  Net : LCD_RGB_uut/ram_addr_4, loads : 69
  Net : LCD_RGB_uut/clk_c_enable_182, loads : 67
  Net : LCD_RGB_uut/state_1, loads : 62
  Net : LCD_RGB_uut/ram_addr_2, loads : 59
  Net : LCD_RGB_uut/ram_addr_5, loads : 57
  Net : LCD_RGB_uut/cnt_2, loads : 55
  Net : LCD_RGB_uut/cnt_1, loads : 55
  Net : LCD_RGB_uut/cnt_0, loads : 53
################### End Clock Report ##################

Timing Report Summary
--------------
--------------------------------------------------------------------------------
Constraint                              |   Constraint|       Actual|Levels
--------------------------------------------------------------------------------
                                        |             |             |
create_clock -period 1000.000000 -name  |             |             |
clk0 [get_nets clk_c]                   |    1.000 MHz|   33.712 MHz|    25  
                                        |             |             |
--------------------------------------------------------------------------------


All constraints were met.


Peak Memory Usage: 140.375  MB

--------------------------------------------------------------
Elapsed CPU time for LSE flow : 5.094  secs
--------------------------------------------------------------

map -a "MachXO2" -p LCMXO2-4000HC -t CSBGA132 -s 4 -oc Commercial   "Picture_display_impl1.ngd" -o "Picture_display_impl1_map.ncd" -pr "Picture_display_impl1.prf" -mp "Picture_display_impl1.mrp" -lpf "F:/Fpga_Project/BaseBoard/LAB11_Picture_display/impl1/Picture_display_impl1.lpf" -lpf "F:/Fpga_Project/BaseBoard/LAB11_Picture_display/Picture_display.lpf" -c 0            
map:  version Diamond (64-bit) 3.9.0.99.2

Copyright (c) 1991-1994 by NeoCAD Inc. All rights reserved.
Copyright (c) 1995 AT&T Corp.   All rights reserved.
Copyright (c) 1995-2001 Lucent Technologies Inc.  All rights reserved.
Copyright (c) 2001 Agere Systems   All rights reserved.
Copyright (c) 2002-2017 Lattice Semiconductor Corporation,  All rights reserved.
   Process the file: Picture_display_impl1.ngd
   Picdevice="LCMXO2-4000HC"

   Pictype="CSBGA132"

   Picspeed=4

   Remove unused logic

   Do not produce over sized NCDs.

Part used: LCMXO2-4000HCCSBGA132, Performance used: 4.

Loading device for application map from file 'xo2c4000.nph' in environment: C:/Program Files (x86)/lscc/diamond/3.9_x64/ispfpga.
Package Status:                     Final          Version 1.44.

Running general design DRC...

Removing unused logic...

Optimizing...

    <postMsg mid="51001030" type="Warning" dynamic="1" navigation="0" arg0="rst_n_c"  />
    <postMsg mid="51001051" type="Warning" dynamic="1" navigation="0" arg0="mux_1206"  />
    <postMsg mid="51001051" type="Warning" dynamic="1" navigation="0" arg0="mux_1208"  />
    <postMsg mid="51001051" type="Warning" dynamic="1" navigation="0" arg0="mux_1207"  />



Design Summary:
   Number of registers:    179 out of  4635 (4%)
      PFU registers:          178 out of  4320 (4%)
      PIO registers:            1 out of   315 (0%)
   Number of SLICEs:       306 out of  2160 (14%)
      SLICEs as Logic/ROM:    306 out of  2160 (14%)
      SLICEs as RAM:            0 out of  1620 (0%)
      SLICEs as Carry:         43 out of  2160 (2%)
   Number of LUT4s:        612 out of  4320 (14%)
      Number used as logic LUTs:        526
      Number used as distributed RAM:     0
      Number used as ripple logic:       86
      Number used as shift registers:     0
   Number of PIO sites used: 7 + 4(JTAG) out of 105 (10%)
   Number of block RAMs:  3 out of 10 (30%)
   Number of GSRs:  1 out of 1 (100%)
   EFB used :       No
   JTAG used :      No
   Readback used :  No
   Oscillator used :  No
   Startup used :   No
   POR :            On
   Bandgap :        On
   Number of Power Controller:  0 out of 1 (0%)
   Number of Dynamic Bank Controller (BCINRD):  0 out of 6 (0%)
   Number of Dynamic Bank Controller (BCLVDSO):  0 out of 1 (0%)
   Number of DCCA:  0 out of 8 (0%)
   Number of DCMA:  0 out of 2 (0%)
   Number of PLLs:  0 out of 2 (0%)
   Number of DQSDLLs:  0 out of 2 (0%)
   Number of CLKDIVC:  0 out of 4 (0%)
   Number of ECLKSYNCA:  0 out of 4 (0%)
   Number of ECLKBRIDGECS:  0 out of 2 (0%)
   Notes:-
      1. Total number of LUT4s = (Number of logic LUT4s) + 2*(Number of distributed RAMs) + 2*(Number of ripple logic)
      2. Number of logic LUT4s does not include count of distributed RAM and ripple logic.
   Number of clocks:  1
     Net clk_c: 120 loads, 120 rising, 0 falling (Driver: PIO clk )
   Number of Clock Enables:  17
     Net clk_c_enable_182: 46 loads, 43 LSLICEs
     Net LCD_RGB_uut/clk_c_enable_105: 1 loads, 0 LSLICEs
     Net LCD_RGB_uut/clk_c_enable_97: 6 loads, 6 LSLICEs
     Net LCD_RGB_uut/clk_c_enable_90: 5 loads, 5 LSLICEs
     Net LCD_RGB_uut/clk_c_enable_3: 1 loads, 1 LSLICEs
     Net LCD_RGB_uut/clk_c_enable_83: 4 loads, 4 LSLICEs
     Net LCD_RGB_uut/clk_c_enable_76: 5 loads, 5 LSLICEs
     Net LCD_RGB_uut/clk_c_enable_69: 10 loads, 10 LSLICEs
     Net LCD_RGB_uut/clk_c_enable_54: 9 loads, 9 LSLICEs
     Net LCD_RGB_uut/clk_c_enable_39: 9 loads, 9 LSLICEs
     Net LCD_RGB_uut/clk_c_enable_24: 3 loads, 3 LSLICEs
     Net LCD_RGB_uut/clk_c_enable_20: 9 loads, 9 LSLICEs
     Net LCD_RGB_uut/clk_c_enable_146: 5 loads, 5 LSLICEs
     Net LCD_RGB_uut/clk_c_enable_173: 4 loads, 4 LSLICEs
     Net LCD_RGB_uut/clk_c_enable_120: 1 loads, 1 LSLICEs
     Net LCD_RGB_uut/clk_c_enable_118: 1 loads, 1 LSLICEs
     Net LCD_RGB_uut/clk_c_enable_110: 1 loads, 1 LSLICEs
   Number of local set/reset loads for net rst_n_c merged into GSR:  104
   Number of LSRs:  3
     Net LCD_RGB_uut/n5763: 2 loads, 2 LSLICEs
     Net LCD_RGB_uut/n5740: 16 loads, 16 LSLICEs
     Net LCD_RGB_uut/n5717: 22 loads, 22 LSLICEs
   Number of nets driven by tri-state buffers:  0
   Top 10 highest fanout non-clock nets:
     Net ram_addr_3: 74 loads
     Net ram_addr_4: 72 loads
     Net ram_addr_2: 67 loads
     Net state_1: 63 loads
     Net ram_addr_5: 60 loads
     Net cnt_1: 56 loads
     Net cnt_2: 56 loads
     Net LCD_RGB_uut/x_cnt_0: 56 loads
     Net cnt_0: 54 loads
     Net ram_addr_1: 54 loads
 

   Number of warnings:  4
   Number of errors:    0



Total CPU Time: 0 secs  
Total REAL Time: 0 secs  
Peak Memory Usage: 53 MB

Dumping design to file Picture_display_impl1_map.ncd.

ncd2vdb "Picture_display_impl1_map.ncd" ".vdbs/Picture_display_impl1_map.vdb"

Loading device for application ncd2vdb from file 'xo2c4000.nph' in environment: C:/Program Files (x86)/lscc/diamond/3.9_x64/ispfpga.

mpartrce -p "Picture_display_impl1.p2t" -f "Picture_display_impl1.p3t" -tf "Picture_display_impl1.pt" "Picture_display_impl1_map.ncd" "Picture_display_impl1.ncd"

---- MParTrce Tool ----
Removing old design directory at request of -rem command line option to this program.
Running par. Please wait . . .

Lattice Place and Route Report for Design "Picture_display_impl1_map.ncd"
Tue Jan 29 10:08:03 2019

PAR: Place And Route Diamond (64-bit) 3.9.0.99.2.
Command Line: par -w -l 5 -i 6 -t 1 -c 0 -e 0 -gui -exp parUseNBR=1:parCDP=0:parCDR=0:parPathBased=OFF Picture_display_impl1_map.ncd Picture_display_impl1.dir/5_1.ncd Picture_display_impl1.prf
Preference file: Picture_display_impl1.prf.
Placement level-cost: 5-1.
Routing Iterations: 6

Loading design for application par from file Picture_display_impl1_map.ncd.
Design name: Picture_display
NCD version: 3.3
Vendor:      LATTICE
Device:      LCMXO2-4000HC
Package:     CSBGA132
Performance: 4
Loading device for application par from file 'xo2c4000.nph' in environment: C:/Program Files (x86)/lscc/diamond/3.9_x64/ispfpga.
Package Status:                     Final          Version 1.44.
Performance Hardware Data Status:   Final          Version 34.4.
License checked out.


Ignore Preference Error(s):  True
Device utilization summary:

   PIO (prelim)    7+4(JTAG)/280     4% used
                   7+4(JTAG)/105     10% bonded
   IOLOGIC            1/280          <1% used

   SLICE            306/2160         14% used

   GSR                1/1           100% used
   EBR                3/10           30% used


INFO: Design contains EBR with ASYNC Reset Mode that has a limitation: The use of the EBR block asynchronous reset requires that certain timing be met between the clock and the reset within the memory block. See the device specific data sheet for additional details.
INFO: Design contains pre-loadable EBR during configuration that has a requirement: Since the GSR is disabled for the EBR, make sure write enable and chip enable are inactive during wake-up, so that the pre-loaded initialization values will not be corrupted during wake-up state.
Number of Signals: 800
Number of Connections: 2602

Pin Constraint Summary:
   7 out of 7 pins locked (100% locked).

The following 1 signal is selected to use the primary clock routing resources:
    clk_c (driver: clk, clk load #: 120)

    <postMsg mid="61061008" type="Warning" dynamic="5" navigation="0" arg0="clk_c" arg1="Primary" arg2="clk" arg3="C1" arg4="Primary"  />

The following 4 signals are selected to use the secondary clock routing resources:
    clk_c_enable_182 (driver: LCD_RGB_uut/SLICE_235, clk load #: 0, sr load #: 0, ce load #: 46)
    LCD_RGB_uut/n5717 (driver: LCD_RGB_uut/SLICE_303, clk load #: 0, sr load #: 22, ce load #: 0)
    LCD_RGB_uut/n5740 (driver: LCD_RGB_uut/SLICE_275, clk load #: 0, sr load #: 16, ce load #: 0)
    LCD_RGB_uut/clk_c_enable_69 (driver: LCD_RGB_uut/SLICE_274, clk load #: 0, sr load #: 0, ce load #: 10)

Signal rst_n_c is selected as Global Set/Reset.
Starting Placer Phase 0.
............
Finished Placer Phase 0.  REAL time: 0 secs 

Starting Placer Phase 1.
....................
Placer score = 87277.
Finished Placer Phase 1.  REAL time: 2 secs 

Starting Placer Phase 2.
.
Placer score =  86620
Finished Placer Phase 2.  REAL time: 2 secs 


------------------ Clock Report ------------------

Global Clock Resources:
  CLK_PIN    : 0 out of 8 (0%)
  General PIO: 1 out of 280 (0%)
  PLL        : 0 out of 2 (0%)
  DCM        : 0 out of 2 (0%)
  DCC        : 0 out of 8 (0%)

Quadrants All (TL, TR, BL, BR) - Global Clocks:
  PRIMARY "clk_c" from comp "clk" on PIO site "C1 (PL4A)", clk load = 120
  SECONDARY "clk_c_enable_182" from F1 on comp "LCD_RGB_uut/SLICE_235" on site "R12C17B", clk load = 0, ce load = 46, sr load = 0
  SECONDARY "LCD_RGB_uut/n5717" from F0 on comp "LCD_RGB_uut/SLICE_303" on site "R12C17A", clk load = 0, ce load = 0, sr load = 22
  SECONDARY "LCD_RGB_uut/n5740" from F1 on comp "LCD_RGB_uut/SLICE_275" on site "R12C15A", clk load = 0, ce load = 0, sr load = 16
  SECONDARY "LCD_RGB_uut/clk_c_enable_69" from F1 on comp "LCD_RGB_uut/SLICE_274" on site "R12C17C", clk load = 0, ce load = 10, sr load = 0

  PRIMARY  : 1 out of 8 (12%)
  SECONDARY: 4 out of 8 (50%)

Edge Clocks:
  No edge clock selected.

--------------- End of Clock Report ---------------


I/O Usage Summary (final):
   7 + 4(JTAG) out of 280 (3.9%) PIO sites used.
   7 + 4(JTAG) out of 105 (10.5%) bonded PIO sites used.
   Number of PIO comps: 7; differential: 0.
   Number of Vref pins used: 0.

I/O Bank Usage Summary:
+----------+---------------+------------+-----------+
| I/O Bank | Usage         | Bank Vccio | Bank Vref |
+----------+---------------+------------+-----------+
| 0        | 0 / 26 (  0%) | -          | -         |
| 1        | 1 / 26 (  3%) | 3.3V       | -         |
| 2        | 5 / 28 ( 17%) | 3.3V       | -         |
| 3        | 0 / 7 (  0%)  | -          | -         |
| 4        | 0 / 8 (  0%)  | -          | -         |
| 5        | 1 / 10 ( 10%) | 3.3V       | -         |
+----------+---------------+------------+-----------+

Total placer CPU time: 2 secs 

Dumping design to file Picture_display_impl1.dir/5_1.ncd.


-----------------------------------------------------------------
INFO - par: ASE feature is off due to non timing-driven settings.  
-----------------------------------------------------------------

0 connections routed; 2602 unrouted.
Starting router resource preassignment

Completed router resource preassignment. Real time: 3 secs 

Start NBR router at 10:08:06 01/29/19

*****************************************************************
Info: NBR allows conflicts(one node used by more than one signal)
      in the earlier iterations. In each iteration, it tries to  
      solve the conflicts while keeping the critical connections 
      routed as short as possible. The routing process is said to
      be completed when no conflicts exist and all connections   
      are routed.                                                
Note: NBR uses a different method to calculate timing slacks. The
      worst slack and total negative slack may not be the same as
      that in TRCE report. You should always run TRCE to verify  
      your design.                                               
*****************************************************************

Start NBR special constraint process at 10:08:06 01/29/19

Start NBR section for initial routing at 10:08:06 01/29/19
Level 4, iteration 1
40(0.02%) conflicts; 0(0.00%) untouched conn; 0 (nbr) score; real time: 3 secs 

Info: Initial congestion level at 75% usage is 0
Info: Initial congestion area  at 75% usage is 0 (0.00%)

Start NBR section for normal routing at 10:08:06 01/29/19
Level 4, iteration 1
19(0.01%) conflicts; 0(0.00%) untouched conn; 0 (nbr) score; real time: 3 secs 
Level 4, iteration 2
9(0.00%) conflicts; 0(0.00%) untouched conn; 0 (nbr) score; real time: 3 secs 
Level 4, iteration 3
0(0.00%) conflict; 0(0.00%) untouched conn; 0 (nbr) score; real time: 3 secs 

Start NBR section for re-routing at 10:08:06 01/29/19
Level 4, iteration 1
0(0.00%) conflict; 0(0.00%) untouched conn; 0 (nbr) score; real time: 3 secs 

Start NBR section for post-routing at 10:08:06 01/29/19

End NBR router with 0 unrouted connection

NBR Summary
-----------
  Number of unrouted connections : 0 (0.00%)
  Number of connections with timing violations : 0 (0.00%)
  Estimated worst slack<setup> : <n/a>
  Timing score<setup> : 0
-----------
Notes: The timing info is calculated for SETUP only and all PAR_ADJs are ignored.



Total CPU time 3 secs 
Total REAL time: 3 secs 
Completely routed.
End of route.  2602 routed (100.00%); 0 unrouted.

Hold time timing score: 0, hold timing errors: 0

Timing score: 0 

Dumping design to file Picture_display_impl1.dir/5_1.ncd.


PAR_SUMMARY::Run status = completed
PAR_SUMMARY::Number of unrouted conns = 0
PAR_SUMMARY::Worst  slack<setup/<ns>> = <n/a>
PAR_SUMMARY::Timing score<setup/<ns>> = <n/a>
PAR_SUMMARY::Worst  slack<hold /<ns>> = <n/a>
PAR_SUMMARY::Timing score<hold /<ns>> = <n/a>
PAR_SUMMARY::Number of errors = 0

Total CPU  time to completion: 4 secs 
Total REAL time to completion: 4 secs 

par done!

Copyright (c) 1991-1994 by NeoCAD Inc. All rights reserved.
Copyright (c) 1995 AT&T Corp.   All rights reserved.
Copyright (c) 1995-2001 Lucent Technologies Inc.  All rights reserved.
Copyright (c) 2001 Agere Systems   All rights reserved.
Copyright (c) 2002-2017 Lattice Semiconductor Corporation,  All rights reserved.
Exiting par with exit code 0
Exiting mpartrce with exit code 0

bitgen -f "Picture_display_impl1.t2b" -w "Picture_display_impl1.ncd" -jedec "Picture_display_impl1.prf"


BITGEN: Bitstream Generator Diamond (64-bit) 3.9.0.99.2
Copyright (c) 1991-1994 by NeoCAD Inc. All rights reserved.
Copyright (c) 1995 AT&T Corp.   All rights reserved.
Copyright (c) 1995-2001 Lucent Technologies Inc.  All rights reserved.
Copyright (c) 2001 Agere Systems   All rights reserved.
Copyright (c) 2002-2017 Lattice Semiconductor Corporation,  All rights reserved.


Loading design for application Bitgen from file Picture_display_impl1.ncd.
Design name: Picture_display
NCD version: 3.3
Vendor:      LATTICE
Device:      LCMXO2-4000HC
Package:     CSBGA132
Performance: 4
Loading device for application Bitgen from file 'xo2c4000.nph' in environment: C:/Program Files (x86)/lscc/diamond/3.9_x64/ispfpga.
Package Status:                     Final          Version 1.44.
Performance Hardware Data Status:   Final          Version 34.4.

Running DRC.
INFO: Design contains EBR with ASYNC Reset Mode that has a limitation: The use of the EBR block asynchronous reset requires that certain timing be met between the clock and the reset within the memory block. See the device specific data sheet for additional details.
INFO: Design contains pre-loadable EBR during configuration that has a requirement: Since the GSR is disabled for the EBR, make sure write enable and chip enable are inactive during wake-up, so that the pre-loaded initialization values will not be corrupted during wake-up state.
DRC detected 0 errors and 0 warnings.
Reading Preference File from Picture_display_impl1.prf.

Preference Summary:
+---------------------------------+---------------------------------+
|  Preference                     |  Current Setting                |
+---------------------------------+---------------------------------+
|                         RamCfg  |                        Reset**  |
+---------------------------------+---------------------------------+
|                     MCCLK_FREQ  |                         2.08**  |
+---------------------------------+---------------------------------+
|                  CONFIG_SECURE  |                          OFF**  |
+---------------------------------+---------------------------------+
|                          INBUF  |                           ON**  |
+---------------------------------+---------------------------------+
|                      JTAG_PORT  |                       ENABLE**  |
+---------------------------------+---------------------------------+
|                       SDM_PORT  |                      DISABLE**  |
+---------------------------------+---------------------------------+
|                 SLAVE_SPI_PORT  |                      DISABLE**  |
+---------------------------------+---------------------------------+
|                MASTER_SPI_PORT  |                      DISABLE**  |
+---------------------------------+---------------------------------+
|                       I2C_PORT  |                      DISABLE**  |
+---------------------------------+---------------------------------+
|        MUX_CONFIGURATION_PORTS  |                      DISABLE**  |
+---------------------------------+---------------------------------+
|                  CONFIGURATION  |                          CFG**  |
+---------------------------------+---------------------------------+
|                COMPRESS_CONFIG  |                           ON**  |
+---------------------------------+---------------------------------+
|                        MY_ASSP  |                          OFF**  |
+---------------------------------+---------------------------------+
|               ONE_TIME_PROGRAM  |                          OFF**  |
+---------------------------------+---------------------------------+
|                 ENABLE_TRANSFR  |                      DISABLE**  |
+---------------------------------+---------------------------------+
|                  SHAREDEBRINIT  |                      DISABLE**  |
+---------------------------------+---------------------------------+
|            BACKGROUND_RECONFIG  |                          OFF**  |
+---------------------------------+---------------------------------+
 *  Default setting.
 ** The specified setting matches the default setting.


Creating bit map...
 
Bitstream Status: Final           Version 1.94.
 
Saving bit stream in "Picture_display_impl1.jed".
 
===========
UFM Summary.
===========
UFM Size:        767 Pages (128*767 Bits).
UFM Utilization: General Purpose Flash Memory.
 
Available General Purpose Flash Memory:  767 Pages (Page 0 to Page 766).
Initialized UFM Pages:                     0 Page.
 
