# Synopsys Constraint Checker, version maplat, Build 1612R, built Dec  5 2016
# Copyright (C) 1994-2016 Synopsys, Inc. All rights reserved. This Synopsys software and all associated documentation are proprietary to Synopsys, Inc. and may only be used pursuant to the terms and conditions of a written license agreement with Synopsys, Inc. All other use, reproduction, modification, or distribution of the Synopsys software or the associated documentation is strictly prohibited.

# Written on Tue Jan 29 10:33:07 2019


##### DESIGN INFO #######################################################

Top View:                "Screen_Saver"
Constraint File(s):      (none)




##### SUMMARY ############################################################

Found 0 issues in 0 out of 0 constraints


##### DETAILS ############################################################



Clock Relationships
*******************

Starting                                 Ending                                   |     rise to rise     |     fall to fall     |     rise to fall     |     fall to rise                     
---------------------------------------------------------------------------------------------------------------------------------------------------------------------------------------------
pll_mxo2|CLKOP_inferred_clock            pll_mxo2|CLKOP_inferred_clock            |     1000.000         |     No paths         |     No paths         |     No paths                         
Screen_Saver|clk_40mhz_derived_clock     Screen_Saver|clk_40mhz_derived_clock     |     1000.000         |     No paths         |     No paths         |     No paths                         
Vga_Module|change_en_derived_clock       Screen_Saver|clk_40mhz_derived_clock     |     1000.000         |     No paths         |     No paths         |     No paths                         
Vga_Module|change_en_derived_clock       Vga_Module|change_en_derived_clock       |     1000.000         |     No paths         |     No paths         |     No paths                         
=============================================================================================================================================================================================
 Note: 'No paths' indicates there are no paths in the design for that pair of clock edges.
       'Diff grp' indicates that paths exist but the starting clock and ending clock are in different clock groups.


Unconstrained Start/End Points
******************************

p:clk
p:rst_n
p:sync_h
p:sync_v
p:vga[0]
p:vga[1]
p:vga[2]


Inapplicable constraints
************************

(none)


Applicable constraints with issues
**********************************

(none)


Constraints with matching wildcard expressions
**********************************************

(none)


Library Report
**************


# End of Constraint Checker Report
