Analysis & Synthesis report for Prox_Detect
Thu Jun 21 10:09:24 2018
Quartus Prime Version 17.0.0 Build 595 04/25/2017 SJ Lite Edition


---------------------
; Table of Contents ;
---------------------
  1. Legal Notice
  2. Analysis & Synthesis Summary
  3. Analysis & Synthesis Settings
  4. Parallel Compilation
  5. Analysis & Synthesis Source Files Read
  6. Analysis & Synthesis Resource Usage Summary
  7. Analysis & Synthesis Resource Utilization by Entity
  8. State Machine - |Prox_Detect|APDS_9901_Driver:u1|state_back
  9. State Machine - |Prox_Detect|APDS_9901_Driver:u1|state
 10. Registers Removed During Synthesis
 11. Removed Registers Triggering Further Register Optimizations
 12. General Register Statistics
 13. Inverted Register Statistics
 14. Multiplexer Restructuring Statistics (Restructuring Performed)
 15. Parameter Settings for User Entity Instance: APDS_9901_Driver:u1
 16. Port Connectivity Checks: "APDS_9901_Driver:u1"
 17. Post-Synthesis Netlist Statistics for Top Partition
 18. Elapsed Time Per Partition
 19. Analysis & Synthesis Messages
 20. Analysis & Synthesis Suppressed Messages



----------------
; Legal Notice ;
----------------
Copyright (C) 2017  Intel Corporation. All rights reserved.
Your use of Intel Corporation's design tools, logic functions 
and other software and tools, and its AMPP partner logic 
functions, and any output files from any of the foregoing 
(including device programming or simulation files), and any 
associated documentation or information are expressly subject 
to the terms and conditions of the Intel Program License 
Subscription Agreement, the Intel Quartus Prime License Agreement,
the Intel MegaCore Function License Agreement, or other 
applicable license agreement, including, without limitation, 
that your use is for the sole purpose of programming logic 
devices manufactured by Intel and sold by Intel or its 
authorized distributors.  Please refer to the applicable 
agreement for further details.



+----------------------------------------------------------------------------------+
; Analysis & Synthesis Summary                                                     ;
+------------------------------------+---------------------------------------------+
; Analysis & Synthesis Status        ; Successful - Thu Jun 21 10:09:24 2018       ;
; Quartus Prime Version              ; 17.0.0 Build 595 04/25/2017 SJ Lite Edition ;
; Revision Name                      ; Prox_Detect                                 ;
; Top-level Entity Name              ; Prox_Detect                                 ;
; Family                             ; MAX 10                                      ;
; Total logic elements               ; 394                                         ;
;     Total combinational functions  ; 324                                         ;
;     Dedicated logic registers      ; 171                                         ;
; Total registers                    ; 171                                         ;
; Total pins                         ; 12                                          ;
; Total virtual pins                 ; 0                                           ;
; Total memory bits                  ; 0                                           ;
; Embedded Multiplier 9-bit elements ; 0                                           ;
; Total PLLs                         ; 0                                           ;
; UFM blocks                         ; 0                                           ;
; ADC blocks                         ; 0                                           ;
+------------------------------------+---------------------------------------------+


+----------------------------------------------------------------------------------------------------------------------+
; Analysis & Synthesis Settings                                                                                        ;
+----------------------------------------------------------------------------+--------------------+--------------------+
; Option                                                                     ; Setting            ; Default Value      ;
+----------------------------------------------------------------------------+--------------------+--------------------+
; Device                                                                     ; 10M08SAM153C8G     ;                    ;
; Top-level entity name                                                      ; Prox_Detect        ; Prox_Detect        ;
; Family name                                                                ; MAX 10             ; Cyclone V          ;
; Use smart compilation                                                      ; Off                ; Off                ;
; Enable parallel Assembler and TimeQuest Timing Analyzer during compilation ; On                 ; On                 ;
; Enable compact report table                                                ; Off                ; Off                ;
; Restructure Multiplexers                                                   ; Auto               ; Auto               ;
; Create Debugging Nodes for IP Cores                                        ; Off                ; Off                ;
; Preserve fewer node names                                                  ; On                 ; On                 ;
; OpenCore Plus hardware evaluation                                          ; Enable             ; Enable             ;
; Verilog Version                                                            ; Verilog_2001       ; Verilog_2001       ;
; VHDL Version                                                               ; VHDL_1993          ; VHDL_1993          ;
; State Machine Processing                                                   ; Auto               ; Auto               ;
; Safe State Machine                                                         ; Off                ; Off                ;
; Extract Verilog State Machines                                             ; On                 ; On                 ;
; Extract VHDL State Machines                                                ; On                 ; On                 ;
; Ignore Verilog initial constructs                                          ; Off                ; Off                ;
; Iteration limit for constant Verilog loops                                 ; 5000               ; 5000               ;
; Iteration limit for non-constant Verilog loops                             ; 250                ; 250                ;
; Add Pass-Through Logic to Inferred RAMs                                    ; On                 ; On                 ;
; Infer RAMs from Raw Logic                                                  ; On                 ; On                 ;
; Parallel Synthesis                                                         ; On                 ; On                 ;
; DSP Block Balancing                                                        ; Auto               ; Auto               ;
; NOT Gate Push-Back                                                         ; On                 ; On                 ;
; Power-Up Don't Care                                                        ; On                 ; On                 ;
; Remove Redundant Logic Cells                                               ; Off                ; Off                ;
; Remove Duplicate Registers                                                 ; On                 ; On                 ;
; Ignore CARRY Buffers                                                       ; Off                ; Off                ;
; Ignore CASCADE Buffers                                                     ; Off                ; Off                ;
; Ignore GLOBAL Buffers                                                      ; Off                ; Off                ;
; Ignore ROW GLOBAL Buffers                                                  ; Off                ; Off                ;
; Ignore LCELL Buffers                                                       ; Off                ; Off                ;
; Ignore SOFT Buffers                                                        ; On                 ; On                 ;
; Limit AHDL Integers to 32 Bits                                             ; Off                ; Off                ;
; Optimization Technique                                                     ; Balanced           ; Balanced           ;
; Carry Chain Length                                                         ; 70                 ; 70                 ;
; Auto Carry Chains                                                          ; On                 ; On                 ;
; Auto Open-Drain Pins                                                       ; On                 ; On                 ;
; Perform WYSIWYG Primitive Resynthesis                                      ; Off                ; Off                ;
; Auto ROM Replacement                                                       ; On                 ; On                 ;
; Auto RAM Replacement                                                       ; On                 ; On                 ;
; Auto DSP Block Replacement                                                 ; On                 ; On                 ;
; Auto Shift Register Replacement                                            ; Auto               ; Auto               ;
; Allow Shift Register Merging across Hierarchies                            ; Auto               ; Auto               ;
; Auto Clock Enable Replacement                                              ; On                 ; On                 ;
; Strict RAM Replacement                                                     ; Off                ; Off                ;
; Allow Synchronous Control Signals                                          ; On                 ; On                 ;
; Force Use of Synchronous Clear Signals                                     ; Off                ; Off                ;
; Auto RAM Block Balancing                                                   ; On                 ; On                 ;
; Auto RAM to Logic Cell Conversion                                          ; Off                ; Off                ;
; Auto Resource Sharing                                                      ; Off                ; Off                ;
; Allow Any RAM Size For Recognition                                         ; Off                ; Off                ;
; Allow Any ROM Size For Recognition                                         ; Off                ; Off                ;
; Allow Any Shift Register Size For Recognition                              ; Off                ; Off                ;
; Use LogicLock Constraints during Resource Balancing                        ; On                 ; On                 ;
; Ignore translate_off and synthesis_off directives                          ; Off                ; Off                ;
; Timing-Driven Synthesis                                                    ; On                 ; On                 ;
; Report Parameter Settings                                                  ; On                 ; On                 ;
; Report Source Assignments                                                  ; On                 ; On                 ;
; Report Connectivity Checks                                                 ; On                 ; On                 ;
; Ignore Maximum Fan-Out Assignments                                         ; Off                ; Off                ;
; Synchronization Register Chain Length                                      ; 2                  ; 2                  ;
; PowerPlay Power Optimization During Synthesis                              ; Normal compilation ; Normal compilation ;
; HDL message level                                                          ; Level2             ; Level2             ;
; Suppress Register Optimization Related Messages                            ; Off                ; Off                ;
; Number of Removed Registers Reported in Synthesis Report                   ; 5000               ; 5000               ;
; Number of Swept Nodes Reported in Synthesis Report                         ; 5000               ; 5000               ;
; Number of Inverted Registers Reported in Synthesis Report                  ; 100                ; 100                ;
; Clock MUX Protection                                                       ; On                 ; On                 ;
; Auto Gated Clock Conversion                                                ; Off                ; Off                ;
; Block Design Naming                                                        ; Auto               ; Auto               ;
; SDC constraint protection                                                  ; Off                ; Off                ;
; Synthesis Effort                                                           ; Auto               ; Auto               ;
; Shift Register Replacement - Allow Asynchronous Clear Signal               ; On                 ; On                 ;
; Pre-Mapping Resynthesis Optimization                                       ; Off                ; Off                ;
; Analysis & Synthesis Message Level                                         ; Medium             ; Medium             ;
; Disable Register Merging Across Hierarchies                                ; Auto               ; Auto               ;
; Resource Aware Inference For Block RAM                                     ; On                 ; On                 ;
+----------------------------------------------------------------------------+--------------------+--------------------+


+------------------------------------------+
; Parallel Compilation                     ;
+----------------------------+-------------+
; Processors                 ; Number      ;
+----------------------------+-------------+
; Number detected on machine ; 8           ;
; Maximum allowed            ; 4           ;
;                            ;             ;
; Average used               ; 1.00        ;
; Maximum used               ; 4           ;
;                            ;             ;
; Usage by Processor         ; % Time Used ;
;     Processor 1            ; 100.0%      ;
;     Processors 2-4         ;   0.0%      ;
+----------------------------+-------------+


+---------------------------------------------------------------------------------------------------------------------------------------------------------------+
; Analysis & Synthesis Source Files Read                                                                                                                        ;
+----------------------------------+-----------------+------------------------+-----------------------------------------------------------------------+---------+
; File Name with User-Entered Path ; Used in Netlist ; File Type              ; File Name with Absolute Path                                          ; Library ;
+----------------------------------+-----------------+------------------------+-----------------------------------------------------------------------+---------+
; Prox_Detect.v                    ; yes             ; User Verilog HDL File  ; F:/Fpga_Project/BaseBoard3.0_Demo/LAB8_Prox_Detect/Prox_Detect.v      ;         ;
; APDS_9901_Driver.v               ; yes             ; User Verilog HDL File  ; F:/Fpga_Project/BaseBoard3.0_Demo/LAB8_Prox_Detect/APDS_9901_Driver.v ;         ;
; Decoder.v                        ; yes             ; User Verilog HDL File  ; F:/Fpga_Project/BaseBoard3.0_Demo/LAB8_Prox_Detect/Decoder.v          ;         ;
+----------------------------------+-----------------+------------------------+-----------------------------------------------------------------------+---------+


+------------------------------------------------------------------------------+
; Analysis & Synthesis Resource Usage Summary                                  ;
+---------------------------------------------+--------------------------------+
; Resource                                    ; Usage                          ;
+---------------------------------------------+--------------------------------+
; Estimated Total logic elements              ; 394                            ;
;                                             ;                                ;
; Total combinational functions               ; 324                            ;
; Logic element usage by number of LUT inputs ;                                ;
;     -- 4 input functions                    ; 173                            ;
;     -- 3 input functions                    ; 83                             ;
;     -- <=2 input functions                  ; 68                             ;
;                                             ;                                ;
; Logic elements by mode                      ;                                ;
;     -- normal mode                          ; 277                            ;
;     -- arithmetic mode                      ; 47                             ;
;                                             ;                                ;
; Total registers                             ; 171                            ;
;     -- Dedicated logic registers            ; 171                            ;
;     -- I/O registers                        ; 0                              ;
;                                             ;                                ;
; I/O pins                                    ; 12                             ;
;                                             ;                                ;
; Embedded Multiplier 9-bit elements          ; 0                              ;
;                                             ;                                ;
; Maximum fan-out node                        ; APDS_9901_Driver:u1|clk_400khz ;
; Maximum fan-out                             ; 126                            ;
; Total fan-out                               ; 1637                           ;
; Average fan-out                             ; 3.15                           ;
+---------------------------------------------+--------------------------------+


+------------------------------------------------------------------------------------------------------------------------------------------------------------------------------------------------------------------------------------------------------+
; Analysis & Synthesis Resource Utilization by Entity                                                                                                                                                                                                  ;
+----------------------------+---------------------+---------------------------+-------------+------------+--------------+---------+-----------+------+--------------+------------+----------------------------------+------------------+--------------+
; Compilation Hierarchy Node ; Combinational ALUTs ; Dedicated Logic Registers ; Memory Bits ; UFM Blocks ; DSP Elements ; DSP 9x9 ; DSP 18x18 ; Pins ; Virtual Pins ; ADC blocks ; Full Hierarchy Name              ; Entity Name      ; Library Name ;
+----------------------------+---------------------+---------------------------+-------------+------------+--------------+---------+-----------+------+--------------+------------+----------------------------------+------------------+--------------+
; |Prox_Detect               ; 324 (0)             ; 171 (0)                   ; 0           ; 0          ; 0            ; 0       ; 0         ; 12   ; 0            ; 0          ; |Prox_Detect                     ; Prox_Detect      ; work         ;
;    |APDS_9901_Driver:u1|   ; 300 (300)           ; 136 (136)                 ; 0           ; 0          ; 0            ; 0       ; 0         ; 0    ; 0            ; 0          ; |Prox_Detect|APDS_9901_Driver:u1 ; APDS_9901_Driver ; work         ;
;    |Decoder:u2|            ; 24 (24)             ; 35 (35)                   ; 0           ; 0          ; 0            ; 0       ; 0         ; 0    ; 0            ; 0          ; |Prox_Detect|Decoder:u2          ; Decoder          ; work         ;
+----------------------------+---------------------+---------------------------+-------------+------------+--------------+---------+-----------+------+--------------+------------+----------------------------------+------------------+--------------+
Note: For table entries with two numbers listed, the numbers in parentheses indicate the number of resources of the given type used by the specific entity alone. The numbers listed outside of parentheses indicate the total resources of the given type used by the specific entity and all of its sub-entities in the hierarchy.


Encoding Type:  One-Hot
+--------------------------------------------------------------------------+
; State Machine - |Prox_Detect|APDS_9901_Driver:u1|state_back              ;
+------------------+------------------+-----------------+------------------+
; Name             ; state_back.MODE1 ; state_back.IDLE ; state_back.MODE2 ;
+------------------+------------------+-----------------+------------------+
; state_back.IDLE  ; 0                ; 0               ; 0                ;
; state_back.MODE1 ; 1                ; 1               ; 0                ;
; state_back.MODE2 ; 0                ; 1               ; 1                ;
+------------------+------------------+-----------------+------------------+


Encoding Type:  One-Hot
+---------------------------------------------------------------------------------------------------------------------------------------+
; State Machine - |Prox_Detect|APDS_9901_Driver:u1|state                                                                                ;
+-------------+------------+------------+-------------+-------------+-------------+-------------+------------+------------+-------------+
; Name        ; state.STOP ; state.READ ; state.WRITE ; state.START ; state.MODE2 ; state.MODE1 ; state.MAIN ; state.IDLE ; state.DELAY ;
+-------------+------------+------------+-------------+-------------+-------------+-------------+------------+------------+-------------+
; state.IDLE  ; 0          ; 0          ; 0           ; 0           ; 0           ; 0           ; 0          ; 0          ; 0           ;
; state.MAIN  ; 0          ; 0          ; 0           ; 0           ; 0           ; 0           ; 1          ; 1          ; 0           ;
; state.MODE1 ; 0          ; 0          ; 0           ; 0           ; 0           ; 1           ; 0          ; 1          ; 0           ;
; state.MODE2 ; 0          ; 0          ; 0           ; 0           ; 1           ; 0           ; 0          ; 1          ; 0           ;
; state.START ; 0          ; 0          ; 0           ; 1           ; 0           ; 0           ; 0          ; 1          ; 0           ;
; state.WRITE ; 0          ; 0          ; 1           ; 0           ; 0           ; 0           ; 0          ; 1          ; 0           ;
; state.READ  ; 0          ; 1          ; 0           ; 0           ; 0           ; 0           ; 0          ; 1          ; 0           ;
; state.STOP  ; 1          ; 0          ; 0           ; 0           ; 0           ; 0           ; 0          ; 1          ; 0           ;
; state.DELAY ; 0          ; 0          ; 0           ; 0           ; 0           ; 0           ; 0          ; 1          ; 1           ;
+-------------+------------+------------+-------------+-------------+-------------+-------------+------------+------------+-------------+


+--------------------------------------------------------------------------------------+
; Registers Removed During Synthesis                                                   ;
+----------------------------------------+---------------------------------------------+
; Register name                          ; Reason for Removal                          ;
+----------------------------------------+---------------------------------------------+
; APDS_9901_Driver:u1|num_delay[13..23]  ; Stuck at GND due to stuck port data_in      ;
; APDS_9901_Driver:u1|num_delay[12]      ; Stuck at VCC due to stuck port data_in      ;
; APDS_9901_Driver:u1|num_delay[10,11]   ; Stuck at GND due to stuck port data_in      ;
; APDS_9901_Driver:u1|num_delay[9]       ; Stuck at VCC due to stuck port data_in      ;
; APDS_9901_Driver:u1|num_delay[8]       ; Stuck at GND due to stuck port data_in      ;
; APDS_9901_Driver:u1|num_delay[6,7]     ; Stuck at VCC due to stuck port data_in      ;
; APDS_9901_Driver:u1|num_delay[0..5]    ; Stuck at GND due to stuck port data_in      ;
; APDS_9901_Driver:u1|dev_addr[6]        ; Stuck at GND due to stuck port data_in      ;
; APDS_9901_Driver:u1|dev_addr[3..5]     ; Stuck at VCC due to stuck port data_in      ;
; APDS_9901_Driver:u1|dev_addr[1,2]      ; Stuck at GND due to stuck port data_in      ;
; APDS_9901_Driver:u1|dev_addr[0]        ; Stuck at VCC due to stuck port data_in      ;
; APDS_9901_Driver:u1|reg_addr[7]        ; Stuck at VCC due to stuck port data_in      ;
; APDS_9901_Driver:u1|reg_addr[6]        ; Stuck at GND due to stuck port data_in      ;
; APDS_9901_Driver:u1|reg_data[2,3]      ; Merged with APDS_9901_Driver:u1|reg_data[1] ;
; APDS_9901_Driver:u1|reg_data[6,7]      ; Merged with APDS_9901_Driver:u1|reg_data[4] ;
; APDS_9901_Driver:u1|reg_addr[5]        ; Merged with APDS_9901_Driver:u1|reg_addr[4] ;
; APDS_9901_Driver:u1|state_back~6       ; Lost fanout                                 ;
; APDS_9901_Driver:u1|state_back~7       ; Lost fanout                                 ;
; APDS_9901_Driver:u1|state~9            ; Lost fanout                                 ;
; APDS_9901_Driver:u1|state~10           ; Lost fanout                                 ;
; APDS_9901_Driver:u1|state~11           ; Lost fanout                                 ;
; APDS_9901_Driver:u1|cnt[3]             ; Stuck at GND due to stuck port data_in      ;
; APDS_9901_Driver:u1|cnt_stop[3]        ; Stuck at GND due to stuck port data_in      ;
; APDS_9901_Driver:u1|cnt_read[3]        ; Stuck at GND due to stuck port data_in      ;
; APDS_9901_Driver:u1|cnt_write[3]       ; Stuck at GND due to stuck port data_in      ;
; APDS_9901_Driver:u1|cnt_start[3]       ; Stuck at GND due to stuck port data_in      ;
; APDS_9901_Driver:u1|cnt_mode1[3]       ; Stuck at GND due to stuck port data_in      ;
; Total Number of Removed Registers = 49 ;                                             ;
+----------------------------------------+---------------------------------------------+


+-----------------------------------------------------------------------------------------------------------------------------------+
; Removed Registers Triggering Further Register Optimizations                                                                       ;
+-----------------------------------+---------------------------+-------------------------------------------------------------------+
; Register name                     ; Reason for Removal        ; Registers Removed due to This Register                            ;
+-----------------------------------+---------------------------+-------------------------------------------------------------------+
; APDS_9901_Driver:u1|num_delay[23] ; Stuck at GND              ; APDS_9901_Driver:u1|cnt[3], APDS_9901_Driver:u1|cnt_stop[3],      ;
;                                   ; due to stuck port data_in ; APDS_9901_Driver:u1|cnt_read[3], APDS_9901_Driver:u1|cnt_start[3] ;
+-----------------------------------+---------------------------+-------------------------------------------------------------------+


+------------------------------------------------------+
; General Register Statistics                          ;
+----------------------------------------------+-------+
; Statistic                                    ; Value ;
+----------------------------------------------+-------+
; Total registers                              ; 171   ;
; Number of registers using Synchronous Clear  ; 35    ;
; Number of registers using Synchronous Load   ; 5     ;
; Number of registers using Asynchronous Clear ; 77    ;
; Number of registers using Asynchronous Load  ; 0     ;
; Number of registers using Clock Enable       ; 76    ;
; Number of registers using Preset             ; 0     ;
+----------------------------------------------+-------+


+--------------------------------------------------+
; Inverted Register Statistics                     ;
+----------------------------------------+---------+
; Inverted Register                      ; Fan out ;
+----------------------------------------+---------+
; APDS_9901_Driver:u1|scl                ; 6       ;
; APDS_9901_Driver:u1|sda                ; 1       ;
; APDS_9901_Driver:u1|sda~en             ; 1       ;
; Total number of inverted registers = 3 ;         ;
+----------------------------------------+---------+


+------------------------------------------------------------------------------------------------------------------------------------------------------------+
; Multiplexer Restructuring Statistics (Restructuring Performed)                                                                                             ;
+--------------------+-----------+---------------+----------------------+------------------------+------------+----------------------------------------------+
; Multiplexer Inputs ; Bus Width ; Baseline Area ; Area if Restructured ; Saving if Restructured ; Registered ; Example Multiplexer Output                   ;
+--------------------+-----------+---------------+----------------------+------------------------+------------+----------------------------------------------+
; 16:1               ; 5 bits    ; 50 LEs        ; 30 LEs               ; 20 LEs                 ; Yes        ; |Prox_Detect|APDS_9901_Driver:u1|reg_addr[4] ;
; 16:1               ; 4 bits    ; 40 LEs        ; 16 LEs               ; 24 LEs                 ; Yes        ; |Prox_Detect|APDS_9901_Driver:u1|reg_data[5] ;
; 6:1                ; 4 bits    ; 16 LEs        ; 4 LEs                ; 12 LEs                 ; Yes        ; |Prox_Detect|APDS_9901_Driver:u1|cnt[0]      ;
; 23:1               ; 2 bits    ; 30 LEs        ; 4 LEs                ; 26 LEs                 ; Yes        ; |Prox_Detect|APDS_9901_Driver:u1|data_wr[3]  ;
; 30:1               ; 3 bits    ; 60 LEs        ; 24 LEs               ; 36 LEs                 ; No         ; |Prox_Detect|APDS_9901_Driver:u1|Selector78  ;
; 86:1               ; 2 bits    ; 114 LEs       ; 16 LEs               ; 98 LEs                 ; No         ; |Prox_Detect|APDS_9901_Driver:u1|Selector80  ;
+--------------------+-----------+---------------+----------------------+------------------------+------------+----------------------------------------------+


+------------------------------------------------------------------+
; Parameter Settings for User Entity Instance: APDS_9901_Driver:u1 ;
+----------------+-------+-----------------------------------------+
; Parameter Name ; Value ; Type                                    ;
+----------------+-------+-----------------------------------------+
; CNT_NUM        ; 15    ; Signed Integer                          ;
+----------------+-------+-----------------------------------------+
Note: In order to hide this table in the UI and the text report file, please set the "Show Parameter Settings in Synthesis Report" option in "Analysis and Synthesis Settings -> More Settings" to "Off".


+-------------------------------------------------------------------------------------------------------------------+
; Port Connectivity Checks: "APDS_9901_Driver:u1"                                                                   ;
+---------+--------+----------+-------------------------------------------------------------------------------------+
; Port    ; Type   ; Severity ; Details                                                                             ;
+---------+--------+----------+-------------------------------------------------------------------------------------+
; ch0_dat ; Output ; Info     ; Connected to dangling logic. Logic that only feeds a dangling port will be removed. ;
; ch1_dat ; Output ; Info     ; Connected to dangling logic. Logic that only feeds a dangling port will be removed. ;
+---------+--------+----------+-------------------------------------------------------------------------------------+


+-----------------------------------------------------+
; Post-Synthesis Netlist Statistics for Top Partition ;
+-----------------------+-----------------------------+
; Type                  ; Count                       ;
+-----------------------+-----------------------------+
; boundary_port         ; 12                          ;
; cycloneiii_ff         ; 171                         ;
;     CLR               ; 36                          ;
;     CLR SCLR          ; 10                          ;
;     CLR SLD           ; 2                           ;
;     ENA               ; 43                          ;
;     ENA CLR           ; 5                           ;
;     ENA CLR SCLR      ; 24                          ;
;     ENA SCLR          ; 1                           ;
;     ENA SLD           ; 3                           ;
;     plain             ; 47                          ;
; cycloneiii_io_obuf    ; 1                           ;
; cycloneiii_lcell_comb ; 330                         ;
;     arith             ; 47                          ;
;         2 data inputs ; 32                          ;
;         3 data inputs ; 15                          ;
;     normal            ; 283                         ;
;         0 data inputs ; 1                           ;
;         1 data inputs ; 8                           ;
;         2 data inputs ; 33                          ;
;         3 data inputs ; 68                          ;
;         4 data inputs ; 173                         ;
;                       ;                             ;
; Max LUT depth         ; 9.00                        ;
; Average LUT depth     ; 3.37                        ;
+-----------------------+-----------------------------+


+-------------------------------+
; Elapsed Time Per Partition    ;
+----------------+--------------+
; Partition Name ; Elapsed Time ;
+----------------+--------------+
; Top            ; 00:00:01     ;
+----------------+--------------+


+-------------------------------+
; Analysis & Synthesis Messages ;
+-------------------------------+
Info: *******************************************************************
Info: Running Quartus Prime Analysis & Synthesis
    Info: Version 17.0.0 Build 595 04/25/2017 SJ Lite Edition
    Info: Processing started: Thu Jun 21 10:09:10 2018
Info: Command: quartus_map --read_settings_files=on --write_settings_files=off Prox_Detect -c Prox_Detect
Warning (18236): Number of processors has not been specified which may cause overloading on shared machines.  Set the global assignment NUM_PARALLEL_PROCESSORS in your QSF to an appropriate value for best performance.
Info (20030): Parallel compilation is enabled and will use 4 of the 4 processors detected
Info (12021): Found 1 design units, including 1 entities, in source file prox_detect.v
    Info (12023): Found entity 1: Prox_Detect File: F:/Fpga_Project/BaseBoard3.0_Demo/LAB8_Prox_Detect/Prox_Detect.v Line: 18
Info (12021): Found 1 design units, including 1 entities, in source file apds_9901_driver.v
    Info (12023): Found entity 1: APDS_9901_Driver File: F:/Fpga_Project/BaseBoard3.0_Demo/LAB8_Prox_Detect/APDS_9901_Driver.v Line: 18
Info (12021): Found 1 design units, including 1 entities, in source file decoder.v
    Info (12023): Found entity 1: Decoder File: F:/Fpga_Project/BaseBoard3.0_Demo/LAB8_Prox_Detect/Decoder.v Line: 18
Info (12127): Elaborating entity "Prox_Detect" for the top level hierarchy
Info (12128): Elaborating entity "APDS_9901_Driver" for hierarchy "APDS_9901_Driver:u1" File: F:/Fpga_Project/BaseBoard3.0_Demo/LAB8_Prox_Detect/Prox_Detect.v Line: 42
Info (12128): Elaborating entity "Decoder" for hierarchy "Decoder:u2" File: F:/Fpga_Project/BaseBoard3.0_Demo/LAB8_Prox_Detect/Prox_Detect.v Line: 49
Info (13000): Registers with preset signals will power-up high File: F:/Fpga_Project/BaseBoard3.0_Demo/LAB8_Prox_Detect/APDS_9901_Driver.v Line: 76
Info (13003): DEV_CLRn pin will set, and not reset, register with preset signal due to NOT Gate Push-Back
Warning (13024): Output pins are stuck at VCC or GND
    Warning (13410): Pin "led[0]" is stuck at GND File: F:/Fpga_Project/BaseBoard3.0_Demo/LAB8_Prox_Detect/Prox_Detect.v Line: 27
Info (286030): Timing-Driven Synthesis is running
Critical Warning (18061): Ignored Power-Up Level option on the following registers
    Critical Warning (18010): Register APDS_9901_Driver:u1|sda~en will power up to High File: F:/Fpga_Project/BaseBoard3.0_Demo/LAB8_Prox_Detect/APDS_9901_Driver.v Line: 62
Info (17049): 5 registers lost all their fanouts during netlist optimizations.
Info (144001): Generated suppressed messages file F:/Fpga_Project/BaseBoard3.0_Demo/LAB8_Prox_Detect/output_files/Prox_Detect.map.smsg
Info (16010): Generating hard_block partition "hard_block:auto_generated_inst"
    Info (16011): Adding 0 node(s), including 0 DDIO, 0 PLL, 0 transceiver and 0 LCELL
Info (21057): Implemented 408 device resources after synthesis - the final resource count might be different
    Info (21058): Implemented 2 input pins
    Info (21059): Implemented 9 output pins
    Info (21060): Implemented 1 bidirectional pins
    Info (21061): Implemented 396 logic cells
Info: Quartus Prime Analysis & Synthesis was successful. 0 errors, 5 warnings
    Info: Peak virtual memory: 4789 megabytes
    Info: Processing ended: Thu Jun 21 10:09:24 2018
    Info: Elapsed time: 00:00:14
    Info: Total CPU time (on all processors): 00:00:25


+------------------------------------------+
; Analysis & Synthesis Suppressed Messages ;
+------------------------------------------+
The suppressed messages can be found in F:/Fpga_Project/BaseBoard3.0_Demo/LAB8_Prox_Detect/output_files/Prox_Detect.map.smsg.


