Analysis & Synthesis report for Electric_Piano
Thu Jun 01 17:55:58 2023
Quartus Prime Version 18.1.0 Build 625 09/12/2018 SJ Lite Edition


---------------------
; Table of Contents ;
---------------------
  1. Legal Notice
  2. Analysis & Synthesis Summary
  3. Analysis & Synthesis Settings
  4. Parallel Compilation
  5. Analysis & Synthesis Source Files Read
  6. Analysis & Synthesis Resource Usage Summary
  7. Analysis & Synthesis Resource Utilization by Entity
  8. State Machine - |Electric_Piano|Array_KeyBoard:u1|c_state
  9. Registers Removed During Synthesis
 10. General Register Statistics
 11. Inverted Register Statistics
 12. Parameter Settings for User Entity Instance: Array_KeyBoard:u1
 13. Parameter Settings for User Entity Instance: Beeper:u2|PWM:u2
 14. Port Connectivity Checks: "Beeper:u2|PWM:u2"
 15. Port Connectivity Checks: "Array_KeyBoard:u1"
 16. Post-Synthesis Netlist Statistics for Top Partition
 17. Elapsed Time Per Partition
 18. Analysis & Synthesis Messages



----------------
; Legal Notice ;
----------------
Copyright (C) 2018  Intel Corporation. All rights reserved.
Your use of Intel Corporation's design tools, logic functions 
and other software and tools, and its AMPP partner logic 
functions, and any output files from any of the foregoing 
(including device programming or simulation files), and any 
associated documentation or information are expressly subject 
to the terms and conditions of the Intel Program License 
Subscription Agreement, the Intel Quartus Prime License Agreement,
the Intel FPGA IP License Agreement, or other applicable license
agreement, including, without limitation, that your use is for
the sole purpose of programming logic devices manufactured by
Intel and sold by Intel or its authorized distributors.  Please
refer to the applicable agreement for further details.



+----------------------------------------------------------------------------------+
; Analysis & Synthesis Summary                                                     ;
+------------------------------------+---------------------------------------------+
; Analysis & Synthesis Status        ; Successful - Thu Jun 01 17:55:58 2023       ;
; Quartus Prime Version              ; 18.1.0 Build 625 09/12/2018 SJ Lite Edition ;
; Revision Name                      ; Electric_Piano                              ;
; Top-level Entity Name              ; Electric_Piano                              ;
; Family                             ; MAX 10                                      ;
; Total logic elements               ; 186                                         ;
;     Total combinational functions  ; 166                                         ;
;     Dedicated logic registers      ; 90                                          ;
; Total registers                    ; 90                                          ;
; Total pins                         ; 11                                          ;
; Total virtual pins                 ; 0                                           ;
; Total memory bits                  ; 0                                           ;
; Embedded Multiplier 9-bit elements ; 0                                           ;
; Total PLLs                         ; 0                                           ;
; UFM blocks                         ; 0                                           ;
; ADC blocks                         ; 0                                           ;
+------------------------------------+---------------------------------------------+


+------------------------------------------------------------------------------------------------------------+
; Analysis & Synthesis Settings                                                                              ;
+------------------------------------------------------------------+--------------------+--------------------+
; Option                                                           ; Setting            ; Default Value      ;
+------------------------------------------------------------------+--------------------+--------------------+
; Device                                                           ; 10M02SCM153I7G     ;                    ;
; Top-level entity name                                            ; Electric_Piano     ; Electric_Piano     ;
; Family name                                                      ; MAX 10             ; Cyclone V          ;
; Use smart compilation                                            ; Off                ; Off                ;
; Enable parallel Assembler and Timing Analyzer during compilation ; On                 ; On                 ;
; Enable compact report table                                      ; Off                ; Off                ;
; Restructure Multiplexers                                         ; Auto               ; Auto               ;
; Create Debugging Nodes for IP Cores                              ; Off                ; Off                ;
; Preserve fewer node names                                        ; On                 ; On                 ;
; Intel FPGA IP Evaluation Mode                                    ; Enable             ; Enable             ;
; Verilog Version                                                  ; Verilog_2001       ; Verilog_2001       ;
; VHDL Version                                                     ; VHDL_1993          ; VHDL_1993          ;
; State Machine Processing                                         ; Auto               ; Auto               ;
; Safe State Machine                                               ; Off                ; Off                ;
; Extract Verilog State Machines                                   ; On                 ; On                 ;
; Extract VHDL State Machines                                      ; On                 ; On                 ;
; Ignore Verilog initial constructs                                ; Off                ; Off                ;
; Iteration limit for constant Verilog loops                       ; 5000               ; 5000               ;
; Iteration limit for non-constant Verilog loops                   ; 250                ; 250                ;
; Add Pass-Through Logic to Inferred RAMs                          ; On                 ; On                 ;
; Infer RAMs from Raw Logic                                        ; On                 ; On                 ;
; Parallel Synthesis                                               ; On                 ; On                 ;
; DSP Block Balancing                                              ; Auto               ; Auto               ;
; NOT Gate Push-Back                                               ; On                 ; On                 ;
; Power-Up Don't Care                                              ; On                 ; On                 ;
; Remove Redundant Logic Cells                                     ; Off                ; Off                ;
; Remove Duplicate Registers                                       ; On                 ; On                 ;
; Ignore CARRY Buffers                                             ; Off                ; Off                ;
; Ignore CASCADE Buffers                                           ; Off                ; Off                ;
; Ignore GLOBAL Buffers                                            ; Off                ; Off                ;
; Ignore ROW GLOBAL Buffers                                        ; Off                ; Off                ;
; Ignore LCELL Buffers                                             ; Off                ; Off                ;
; Ignore SOFT Buffers                                              ; On                 ; On                 ;
; Limit AHDL Integers to 32 Bits                                   ; Off                ; Off                ;
; Optimization Technique                                           ; Balanced           ; Balanced           ;
; Carry Chain Length                                               ; 70                 ; 70                 ;
; Auto Carry Chains                                                ; On                 ; On                 ;
; Auto Open-Drain Pins                                             ; On                 ; On                 ;
; Perform WYSIWYG Primitive Resynthesis                            ; Off                ; Off                ;
; Auto ROM Replacement                                             ; On                 ; On                 ;
; Auto RAM Replacement                                             ; On                 ; On                 ;
; Auto DSP Block Replacement                                       ; On                 ; On                 ;
; Auto Shift Register Replacement                                  ; Auto               ; Auto               ;
; Allow Shift Register Merging across Hierarchies                  ; Auto               ; Auto               ;
; Auto Clock Enable Replacement                                    ; On                 ; On                 ;
; Strict RAM Replacement                                           ; Off                ; Off                ;
; Allow Synchronous Control Signals                                ; On                 ; On                 ;
; Force Use of Synchronous Clear Signals                           ; Off                ; Off                ;
; Auto RAM Block Balancing                                         ; On                 ; On                 ;
; Auto RAM to Logic Cell Conversion                                ; Off                ; Off                ;
; Auto Resource Sharing                                            ; Off                ; Off                ;
; Allow Any RAM Size For Recognition                               ; Off                ; Off                ;
; Allow Any ROM Size For Recognition                               ; Off                ; Off                ;
; Allow Any Shift Register Size For Recognition                    ; Off                ; Off                ;
; Use LogicLock Constraints during Resource Balancing              ; On                 ; On                 ;
; Ignore translate_off and synthesis_off directives                ; Off                ; Off                ;
; Timing-Driven Synthesis                                          ; On                 ; On                 ;
; Report Parameter Settings                                        ; On                 ; On                 ;
; Report Source Assignments                                        ; On                 ; On                 ;
; Report Connectivity Checks                                       ; On                 ; On                 ;
; Ignore Maximum Fan-Out Assignments                               ; Off                ; Off                ;
; Synchronization Register Chain Length                            ; 2                  ; 2                  ;
; Power Optimization During Synthesis                              ; Normal compilation ; Normal compilation ;
; HDL message level                                                ; Level2             ; Level2             ;
; Suppress Register Optimization Related Messages                  ; Off                ; Off                ;
; Number of Removed Registers Reported in Synthesis Report         ; 5000               ; 5000               ;
; Number of Swept Nodes Reported in Synthesis Report               ; 5000               ; 5000               ;
; Number of Inverted Registers Reported in Synthesis Report        ; 100                ; 100                ;
; Clock MUX Protection                                             ; On                 ; On                 ;
; Auto Gated Clock Conversion                                      ; Off                ; Off                ;
; Block Design Naming                                              ; Auto               ; Auto               ;
; SDC constraint protection                                        ; Off                ; Off                ;
; Synthesis Effort                                                 ; Auto               ; Auto               ;
; Shift Register Replacement - Allow Asynchronous Clear Signal     ; On                 ; On                 ;
; Pre-Mapping Resynthesis Optimization                             ; Off                ; Off                ;
; Analysis & Synthesis Message Level                               ; Medium             ; Medium             ;
; Disable Register Merging Across Hierarchies                      ; Auto               ; Auto               ;
; Resource Aware Inference For Block RAM                           ; On                 ; On                 ;
+------------------------------------------------------------------+--------------------+--------------------+


+------------------------------------------+
; Parallel Compilation                     ;
+----------------------------+-------------+
; Processors                 ; Number      ;
+----------------------------+-------------+
; Number detected on machine ; 16          ;
; Maximum allowed            ; 16          ;
;                            ;             ;
; Average used               ; 1.00        ;
; Maximum used               ; 16          ;
;                            ;             ;
; Usage by Processor         ; % Time Used ;
;     Processor 1            ; 100.0%      ;
;     Processor 2            ;   0.0%      ;
;     Processors 3-16        ;   0.0%      ;
+----------------------------+-------------+


+-------------------------------------------------------------------------------------------------------------------------------------------------------+
; Analysis & Synthesis Source Files Read                                                                                                                ;
+----------------------------------+-----------------+------------------------+---------------------------------------------------------------+---------+
; File Name with User-Entered Path ; Used in Netlist ; File Type              ; File Name with Absolute Path                                  ; Library ;
+----------------------------------+-----------------+------------------------+---------------------------------------------------------------+---------+
; Electric_Piano.v                 ; yes             ; User Verilog HDL File  ; E:/FPGA/STEP-MAX10-08SAM/LAB2_Electric_Piano/Electric_Piano.v ;         ;
; Array_KeyBoard.v                 ; yes             ; User Verilog HDL File  ; E:/FPGA/STEP-MAX10-08SAM/LAB2_Electric_Piano/Array_KeyBoard.v ;         ;
; Beeper.v                         ; yes             ; User Verilog HDL File  ; E:/FPGA/STEP-MAX10-08SAM/LAB2_Electric_Piano/Beeper.v         ;         ;
; tone.v                           ; yes             ; User Verilog HDL File  ; E:/FPGA/STEP-MAX10-08SAM/LAB2_Electric_Piano/tone.v           ;         ;
; PWM.v                            ; yes             ; User Verilog HDL File  ; E:/FPGA/STEP-MAX10-08SAM/LAB2_Electric_Piano/PWM.v            ;         ;
+----------------------------------+-----------------+------------------------+---------------------------------------------------------------+---------+


+-----------------------------------------------------------+
; Analysis & Synthesis Resource Usage Summary               ;
+---------------------------------------------+-------------+
; Resource                                    ; Usage       ;
+---------------------------------------------+-------------+
; Estimated Total logic elements              ; 186         ;
;                                             ;             ;
; Total combinational functions               ; 166         ;
; Logic element usage by number of LUT inputs ;             ;
;     -- 4 input functions                    ; 54          ;
;     -- 3 input functions                    ; 38          ;
;     -- <=2 input functions                  ; 74          ;
;                                             ;             ;
; Logic elements by mode                      ;             ;
;     -- normal mode                          ; 107         ;
;     -- arithmetic mode                      ; 59          ;
;                                             ;             ;
; Total registers                             ; 90          ;
;     -- Dedicated logic registers            ; 90          ;
;     -- I/O registers                        ; 0           ;
;                                             ;             ;
; I/O pins                                    ; 11          ;
;                                             ;             ;
; Embedded Multiplier 9-bit elements          ; 0           ;
;                                             ;             ;
; Maximum fan-out node                        ; rst_n~input ;
; Maximum fan-out                             ; 90          ;
; Total fan-out                               ; 836         ;
; Average fan-out                             ; 3.01        ;
+---------------------------------------------+-------------+


+-----------------------------------------------------------------------------------------------------------------------------------------------------------------------------------------------------------------------------------------------------+
; Analysis & Synthesis Resource Utilization by Entity                                                                                                                                                                                                 ;
+----------------------------+---------------------+---------------------------+-------------+------------+--------------+---------+-----------+------+--------------+------------+-----------------------------------+----------------+--------------+
; Compilation Hierarchy Node ; Combinational ALUTs ; Dedicated Logic Registers ; Memory Bits ; UFM Blocks ; DSP Elements ; DSP 9x9 ; DSP 18x18 ; Pins ; Virtual Pins ; ADC blocks ; Full Hierarchy Name               ; Entity Name    ; Library Name ;
+----------------------------+---------------------+---------------------------+-------------+------------+--------------+---------+-----------+------+--------------+------------+-----------------------------------+----------------+--------------+
; |Electric_Piano            ; 166 (1)             ; 90 (0)                    ; 0           ; 0          ; 0            ; 0       ; 0         ; 11   ; 0            ; 0          ; |Electric_Piano                   ; Electric_Piano ; work         ;
;    |Array_KeyBoard:u1|     ; 59 (59)             ; 73 (73)                   ; 0           ; 0          ; 0            ; 0       ; 0         ; 0    ; 0            ; 0          ; |Electric_Piano|Array_KeyBoard:u1 ; Array_KeyBoard ; work         ;
;    |Beeper:u2|             ; 106 (0)             ; 17 (0)                    ; 0           ; 0          ; 0            ; 0       ; 0         ; 0    ; 0            ; 0          ; |Electric_Piano|Beeper:u2         ; Beeper         ; work         ;
;       |PWM:u2|             ; 48 (48)             ; 17 (17)                   ; 0           ; 0          ; 0            ; 0       ; 0         ; 0    ; 0            ; 0          ; |Electric_Piano|Beeper:u2|PWM:u2  ; PWM            ; work         ;
;       |tone:u1|            ; 58 (58)             ; 0 (0)                     ; 0           ; 0          ; 0            ; 0       ; 0         ; 0    ; 0            ; 0          ; |Electric_Piano|Beeper:u2|tone:u1 ; tone           ; work         ;
+----------------------------+---------------------+---------------------------+-------------+------------+--------------+---------+-----------+------+--------------+------------+-----------------------------------+----------------+--------------+
Note: For table entries with two numbers listed, the numbers in parentheses indicate the number of resources of the given type used by the specific entity alone. The numbers listed outside of parentheses indicate the total resources of the given type used by the specific entity and all of its sub-entities in the hierarchy.


Encoding Type:  One-Hot
+------------------------------------------------------------------------------------+
; State Machine - |Electric_Piano|Array_KeyBoard:u1|c_state                          ;
+----------------+----------------+----------------+----------------+----------------+
; Name           ; c_state.STATE3 ; c_state.STATE2 ; c_state.STATE1 ; c_state.STATE0 ;
+----------------+----------------+----------------+----------------+----------------+
; c_state.STATE0 ; 0              ; 0              ; 0              ; 0              ;
; c_state.STATE1 ; 0              ; 0              ; 1              ; 1              ;
; c_state.STATE2 ; 0              ; 1              ; 0              ; 1              ;
; c_state.STATE3 ; 1              ; 0              ; 0              ; 1              ;
+----------------+----------------+----------------+----------------+----------------+


+------------------------------------------------------------+
; Registers Removed During Synthesis                         ;
+---------------------------------------+--------------------+
; Register name                         ; Reason for Removal ;
+---------------------------------------+--------------------+
; Array_KeyBoard:u1|c_state~4           ; Lost fanout        ;
; Array_KeyBoard:u1|c_state~5           ; Lost fanout        ;
; Total Number of Removed Registers = 2 ;                    ;
+---------------------------------------+--------------------+


+------------------------------------------------------+
; General Register Statistics                          ;
+----------------------------------------------+-------+
; Statistic                                    ; Value ;
+----------------------------------------------+-------+
; Total registers                              ; 90    ;
; Number of registers using Synchronous Clear  ; 16    ;
; Number of registers using Synchronous Load   ; 16    ;
; Number of registers using Asynchronous Clear ; 90    ;
; Number of registers using Asynchronous Load  ; 0     ;
; Number of registers using Clock Enable       ; 48    ;
; Number of registers using Preset             ; 0     ;
+----------------------------------------------+-------+


+---------------------------------------------------+
; Inverted Register Statistics                      ;
+-----------------------------------------+---------+
; Inverted Register                       ; Fan out ;
+-----------------------------------------+---------+
; Beeper:u2|PWM:u2|cnt[0]                 ; 3       ;
; Array_KeyBoard:u1|row[1]                ; 1       ;
; Array_KeyBoard:u1|row[2]                ; 1       ;
; Array_KeyBoard:u1|row[3]                ; 1       ;
; Beeper:u2|PWM:u2|pwm_out                ; 1       ;
; Array_KeyBoard:u1|key_out[12]           ; 3       ;
; Array_KeyBoard:u1|key_out[14]           ; 5       ;
; Array_KeyBoard:u1|key_out[13]           ; 5       ;
; Array_KeyBoard:u1|key_out[11]           ; 5       ;
; Array_KeyBoard:u1|key_out[10]           ; 3       ;
; Array_KeyBoard:u1|key_out[9]            ; 6       ;
; Array_KeyBoard:u1|key_out[15]           ; 6       ;
; Array_KeyBoard:u1|key_out[2]            ; 4       ;
; Array_KeyBoard:u1|key_out[1]            ; 6       ;
; Array_KeyBoard:u1|key_out[8]            ; 6       ;
; Array_KeyBoard:u1|key_out[0]            ; 8       ;
; Array_KeyBoard:u1|key_out[4]            ; 3       ;
; Array_KeyBoard:u1|key_out[6]            ; 5       ;
; Array_KeyBoard:u1|key_out[5]            ; 5       ;
; Array_KeyBoard:u1|key_out[3]            ; 5       ;
; Array_KeyBoard:u1|key_out[7]            ; 8       ;
; Array_KeyBoard:u1|key_r[12]             ; 1       ;
; Array_KeyBoard:u1|key[12]               ; 2       ;
; Array_KeyBoard:u1|key_r[14]             ; 1       ;
; Array_KeyBoard:u1|key[14]               ; 2       ;
; Array_KeyBoard:u1|key_r[13]             ; 1       ;
; Array_KeyBoard:u1|key[13]               ; 2       ;
; Array_KeyBoard:u1|key_r[11]             ; 1       ;
; Array_KeyBoard:u1|key[11]               ; 2       ;
; Array_KeyBoard:u1|key_r[10]             ; 1       ;
; Array_KeyBoard:u1|key[10]               ; 2       ;
; Array_KeyBoard:u1|key_r[9]              ; 1       ;
; Array_KeyBoard:u1|key[9]                ; 2       ;
; Array_KeyBoard:u1|key_r[15]             ; 1       ;
; Array_KeyBoard:u1|key[15]               ; 2       ;
; Array_KeyBoard:u1|key_r[2]              ; 1       ;
; Array_KeyBoard:u1|key[2]                ; 2       ;
; Array_KeyBoard:u1|key_r[1]              ; 1       ;
; Array_KeyBoard:u1|key[1]                ; 2       ;
; Array_KeyBoard:u1|key_r[8]              ; 1       ;
; Array_KeyBoard:u1|key[8]                ; 2       ;
; Array_KeyBoard:u1|key_r[0]              ; 1       ;
; Array_KeyBoard:u1|key[0]                ; 2       ;
; Array_KeyBoard:u1|key_r[4]              ; 1       ;
; Array_KeyBoard:u1|key[4]                ; 2       ;
; Array_KeyBoard:u1|key_r[6]              ; 1       ;
; Array_KeyBoard:u1|key[6]                ; 2       ;
; Array_KeyBoard:u1|key_r[5]              ; 1       ;
; Array_KeyBoard:u1|key[5]                ; 2       ;
; Array_KeyBoard:u1|key_r[3]              ; 1       ;
; Array_KeyBoard:u1|key[3]                ; 2       ;
; Array_KeyBoard:u1|key_r[7]              ; 1       ;
; Array_KeyBoard:u1|key[7]                ; 2       ;
; Total number of inverted registers = 53 ;         ;
+-----------------------------------------+---------+


+----------------------------------------------------------------+
; Parameter Settings for User Entity Instance: Array_KeyBoard:u1 ;
+----------------+-------+---------------------------------------+
; Parameter Name ; Value ; Type                                  ;
+----------------+-------+---------------------------------------+
; CNT_200HZ      ; 60000 ; Signed Integer                        ;
+----------------+-------+---------------------------------------+
Note: In order to hide this table in the UI and the text report file, please set the "Show Parameter Settings in Synthesis Report" option in "Analysis and Synthesis Settings -> More Settings" to "Off".


+---------------------------------------------------------------+
; Parameter Settings for User Entity Instance: Beeper:u2|PWM:u2 ;
+----------------+-------+--------------------------------------+
; Parameter Name ; Value ; Type                                 ;
+----------------+-------+--------------------------------------+
; WIDTH          ; 16    ; Signed Integer                       ;
+----------------+-------+--------------------------------------+
Note: In order to hide this table in the UI and the text report file, please set the "Show Parameter Settings in Synthesis Report" option in "Analysis and Synthesis Settings -> More Settings" to "Off".


+----------------------------------------------+
; Port Connectivity Checks: "Beeper:u2|PWM:u2" ;
+----------+-------+----------+----------------+
; Port     ; Type  ; Severity ; Details        ;
+----------+-------+----------+----------------+
; duty[15] ; Input ; Info     ; Stuck at GND   ;
+----------+-------+----------+----------------+


+---------------------------------------------------------------------------------------------------------------------+
; Port Connectivity Checks: "Array_KeyBoard:u1"                                                                       ;
+-----------+--------+----------+-------------------------------------------------------------------------------------+
; Port      ; Type   ; Severity ; Details                                                                             ;
+-----------+--------+----------+-------------------------------------------------------------------------------------+
; key_pulse ; Output ; Info     ; Connected to dangling logic. Logic that only feeds a dangling port will be removed. ;
+-----------+--------+----------+-------------------------------------------------------------------------------------+


+-----------------------------------------------------+
; Post-Synthesis Netlist Statistics for Top Partition ;
+-----------------------+-----------------------------+
; Type                  ; Count                       ;
+-----------------------+-----------------------------+
; boundary_port         ; 11                          ;
; cycloneiii_ff         ; 90                          ;
;     CLR               ; 10                          ;
;     CLR SCLR          ; 16                          ;
;     CLR SLD           ; 16                          ;
;     ENA CLR           ; 48                          ;
; cycloneiii_lcell_comb ; 170                         ;
;     arith             ; 59                          ;
;         1 data inputs ; 1                           ;
;         2 data inputs ; 29                          ;
;         3 data inputs ; 29                          ;
;     normal            ; 111                         ;
;         0 data inputs ; 1                           ;
;         1 data inputs ; 26                          ;
;         2 data inputs ; 21                          ;
;         3 data inputs ; 9                           ;
;         4 data inputs ; 54                          ;
;                       ;                             ;
; Max LUT depth         ; 11.80                       ;
; Average LUT depth     ; 4.90                        ;
+-----------------------+-----------------------------+


+-------------------------------+
; Elapsed Time Per Partition    ;
+----------------+--------------+
; Partition Name ; Elapsed Time ;
+----------------+--------------+
; Top            ; 00:00:00     ;
+----------------+--------------+


+-------------------------------+
; Analysis & Synthesis Messages ;
+-------------------------------+
Info: *******************************************************************
Info: Running Quartus Prime Analysis & Synthesis
    Info: Version 18.1.0 Build 625 09/12/2018 SJ Lite Edition
    Info: Processing started: Thu Jun 01 17:55:49 2023
Info: Command: quartus_map --read_settings_files=on --write_settings_files=off Electric_Piano -c Electric_Piano
Warning (18236): Number of processors has not been specified which may cause overloading on shared machines.  Set the global assignment NUM_PARALLEL_PROCESSORS in your QSF to an appropriate value for best performance.
Info (20030): Parallel compilation is enabled and will use 16 of the 16 processors detected
Info (12021): Found 1 design units, including 1 entities, in source file electric_piano.v
    Info (12023): Found entity 1: Electric_Piano File: E:/FPGA/STEP-MAX10-08SAM/LAB2_Electric_Piano/Electric_Piano.v Line: 18
Info (12021): Found 1 design units, including 1 entities, in source file array_keyboard.v
    Info (12023): Found entity 1: Array_KeyBoard File: E:/FPGA/STEP-MAX10-08SAM/LAB2_Electric_Piano/Array_KeyBoard.v Line: 18
Info (12021): Found 1 design units, including 1 entities, in source file beeper.v
    Info (12023): Found entity 1: Beeper File: E:/FPGA/STEP-MAX10-08SAM/LAB2_Electric_Piano/Beeper.v Line: 18
Info (12021): Found 1 design units, including 1 entities, in source file tone.v
    Info (12023): Found entity 1: tone File: E:/FPGA/STEP-MAX10-08SAM/LAB2_Electric_Piano/tone.v Line: 18
Info (12021): Found 1 design units, including 1 entities, in source file pwm.v
    Info (12023): Found entity 1: PWM File: E:/FPGA/STEP-MAX10-08SAM/LAB2_Electric_Piano/PWM.v Line: 18
Info (12127): Elaborating entity "Electric_Piano" for the top level hierarchy
Info (12128): Elaborating entity "Array_KeyBoard" for hierarchy "Array_KeyBoard:u1" File: E:/FPGA/STEP-MAX10-08SAM/LAB2_Electric_Piano/Electric_Piano.v Line: 38
Info (12128): Elaborating entity "Beeper" for hierarchy "Beeper:u2" File: E:/FPGA/STEP-MAX10-08SAM/LAB2_Electric_Piano/Electric_Piano.v Line: 47
Info (12128): Elaborating entity "tone" for hierarchy "Beeper:u2|tone:u1" File: E:/FPGA/STEP-MAX10-08SAM/LAB2_Electric_Piano/Beeper.v Line: 32
Info (10264): Verilog HDL Case Statement information at tone.v(29): all case item expressions in this case statement are onehot File: E:/FPGA/STEP-MAX10-08SAM/LAB2_Electric_Piano/tone.v Line: 29
Info (12128): Elaborating entity "PWM" for hierarchy "Beeper:u2|PWM:u2" File: E:/FPGA/STEP-MAX10-08SAM/LAB2_Electric_Piano/Beeper.v Line: 46
Info (13000): Registers with preset signals will power-up high File: E:/FPGA/STEP-MAX10-08SAM/LAB2_Electric_Piano/Array_KeyBoard.v Line: 68
Info (13003): DEV_CLRn pin will set, and not reset, register with preset signal due to NOT Gate Push-Back
Info (286030): Timing-Driven Synthesis is running
Info (17049): 2 registers lost all their fanouts during netlist optimizations.
Info (16010): Generating hard_block partition "hard_block:auto_generated_inst"
    Info (16011): Adding 0 node(s), including 0 DDIO, 0 PLL, 0 transceiver and 0 LCELL
Info (21057): Implemented 197 device resources after synthesis - the final resource count might be different
    Info (21058): Implemented 6 input pins
    Info (21059): Implemented 5 output pins
    Info (21061): Implemented 186 logic cells
Info: Quartus Prime Analysis & Synthesis was successful. 0 errors, 1 warning
    Info: Peak virtual memory: 4836 megabytes
    Info: Processing ended: Thu Jun 01 17:55:58 2023
    Info: Elapsed time: 00:00:09
    Info: Total CPU time (on all processors): 00:00:19


